17:51:50 INFO  : Registering command handlers for SDK TCF services
17:51:51 INFO  : Launching XSCT server: xsct.bat -interactive C:\Users\lny\Downloads\Nexys-Video-HDMI-2018.2-2\vivado_proj\Nexys-Video-HDMI.sdk\temp_xsdb_launch_script.tcl
17:51:53 INFO  : XSCT server has started successfully.
17:51:53 INFO  : Successfully done setting XSCT server connection channel  
17:51:53 INFO  : Processing command line option -hwspec C:/Users/lny/Downloads/Nexys-Video-HDMI-2018.2-2/vivado_proj/Nexys-Video-HDMI.sdk/hdmi_wrapper.hdf.
17:51:53 INFO  : Successfully done setting SDK workspace  
18:04:34 INFO  : Registering command handlers for SDK TCF services
18:04:34 INFO  : Launching XSCT server: xsct.bat -interactive C:\Users\lny\Downloads\Nexys-Video-HDMI-2018.2-2\vivado_proj\Nexys-Video-HDMI.sdk\temp_xsdb_launch_script.tcl
18:04:35 INFO  : XSCT server has started successfully.
18:04:36 INFO  : Successfully done setting XSCT server connection channel  
18:04:36 INFO  : Successfully done setting SDK workspace  
18:04:36 INFO  : Processing command line option -hwspec C:/Users/lny/Downloads/Nexys-Video-HDMI-2018.2-2/vivado_proj/Nexys-Video-HDMI.sdk/hdmi_wrapper.hdf.
18:04:36 INFO  : Checking for hwspec changes in the project hdmi_wrapper_hw_platform_0.
19:20:23 INFO  : Registering command handlers for SDK TCF services
19:20:23 INFO  : Launching XSCT server: xsct.bat -interactive C:\Users\Raymond\Downloads\Nexys-Video-HDMI-2018.2-xy\Nexys-Video-HDMI-2018.2-2\vivado_proj\Nexys-Video-HDMI.sdk\temp_xsdb_launch_script.tcl
19:20:27 INFO  : XSCT server has started successfully.
19:20:31 INFO  : Successfully done setting XSCT server connection channel  
19:20:31 INFO  : Successfully done setting SDK workspace  
19:20:31 INFO  : Processing command line option -hwspec C:/Users/Raymond/Downloads/Nexys-Video-HDMI-2018.2-xy/Nexys-Video-HDMI-2018.2-2/vivado_proj/Nexys-Video-HDMI.sdk/hdmi_wrapper.hdf.
19:29:07 INFO  : Connected to target on host '127.0.0.1' and port '3121'.
19:29:08 INFO  : 'targets -set -filter {jtag_cable_name =~ "Digilent Nexys Video 210276690173B" && level==0} -index 0' command is executed.
19:29:13 INFO  : FPGA configured successfully with bitstream "C:/Users/Raymond/Downloads/Nexys-Video-HDMI-2018.2-xy/Nexys-Video-HDMI-2018.2-2/vivado_proj/Nexys-Video-HDMI.sdk/hdmi_wrapper_hw_platform_0/download.bit"
19:29:27 INFO  : 'targets -set -filter {jtag_cable_name =~ "Digilent Nexys Video 210276690173B" && level==0} -index 0' command is executed.
19:29:27 INFO  : 'fpga -state' command is executed.
19:29:27 INFO  : Connected to target on host '127.0.0.1' and port '3121'.
19:29:28 INFO  : Jtag cable 'Digilent Nexys Video 210276690173B' is selected.
19:29:28 INFO  : 'jtag frequency' command is executed.
19:29:28 INFO  : 'configparams mdm-detect-bscan-mask 2' command is executed.
19:29:28 INFO  : Context for processor 'microblaze_0' is selected.
19:29:28 INFO  : Processor reset is completed for 'microblaze_0'.
19:29:28 INFO  : Context for processor 'microblaze_0' is selected.
19:29:28 INFO  : The application 'C:/Users/Raymond/Downloads/Nexys-Video-HDMI-2018.2-xy/Nexys-Video-HDMI-2018.2-2/vivado_proj/Nexys-Video-HDMI.sdk/Nexys-Video-HDMI/Debug/Nexys-Video-HDMI.elf' is downloaded to processor 'microblaze_0'.
19:29:28 INFO  : ----------------XSDB Script----------------
connect -url tcp:127.0.0.1:3121
configparams mdm-detect-bscan-mask 2
targets -set -nocase -filter {name =~ "microblaze*#0" && bscan=="USER2"  && jtag_cable_name =~ "Digilent Nexys Video 210276690173B"} -index 0
rst -processor
targets -set -nocase -filter {name =~ "microblaze*#0" && bscan=="USER2"  && jtag_cable_name =~ "Digilent Nexys Video 210276690173B"} -index 0
dow C:/Users/Raymond/Downloads/Nexys-Video-HDMI-2018.2-xy/Nexys-Video-HDMI-2018.2-2/vivado_proj/Nexys-Video-HDMI.sdk/Nexys-Video-HDMI/Debug/Nexys-Video-HDMI.elf
----------------End of Script----------------

19:29:28 INFO  : Memory regions updated for context MicroBlaze #0
19:29:28 INFO  : Memory regions updated for context MicroBlaze #0
19:29:28 INFO  : Context for processor 'microblaze_0' is selected.
19:29:28 INFO  : 'con' command is executed.
19:29:28 INFO  : ----------------XSDB Script (After Launch)----------------
targets -set -nocase -filter {name =~ "microblaze*#0" && bscan=="USER2"  && jtag_cable_name =~ "Digilent Nexys Video 210276690173B"} -index 0
con
----------------End of Script----------------

19:29:28 INFO  : Launch script is exported to file 'C:\Users\Raymond\Downloads\Nexys-Video-HDMI-2018.2-xy\Nexys-Video-HDMI-2018.2-2\vivado_proj\Nexys-Video-HDMI.sdk\.sdk\launch_scripts\xilinx_c-c++_application_(system_debugger)\system_debugger_using_debug_nexys-video-hdmi.elf_on_local.tcl'
19:33:17 INFO  : Connected to target on host '127.0.0.1' and port '3121'.
19:33:17 INFO  : 'targets -set -filter {jtag_cable_name =~ "Digilent Nexys Video 210276690173B" && level==0} -index 0' command is executed.
19:33:23 INFO  : FPGA configured successfully with bitstream "C:/Users/Raymond/Downloads/Nexys-Video-HDMI-2018.2-xy/Nexys-Video-HDMI-2018.2-2/vivado_proj/Nexys-Video-HDMI.sdk/hdmi_wrapper_hw_platform_0/download.bit"
19:33:50 INFO  : Disconnected from the channel tcfchan#1.
19:33:51 INFO  : 'targets -set -filter {jtag_cable_name =~ "Digilent Nexys Video 210276690173B" && level==0} -index 0' command is executed.
19:33:51 INFO  : 'fpga -state' command is executed.
19:33:51 INFO  : Connected to target on host '127.0.0.1' and port '3121'.
19:33:51 INFO  : Jtag cable 'Digilent Nexys Video 210276690173B' is selected.
19:33:51 INFO  : 'jtag frequency' command is executed.
19:33:51 INFO  : 'configparams mdm-detect-bscan-mask 2' command is executed.
19:33:51 INFO  : Context for processor 'microblaze_0' is selected.
19:33:51 INFO  : Processor reset is completed for 'microblaze_0'.
19:33:51 INFO  : Context for processor 'microblaze_0' is selected.
19:33:52 INFO  : The application 'C:/Users/Raymond/Downloads/Nexys-Video-HDMI-2018.2-xy/Nexys-Video-HDMI-2018.2-2/vivado_proj/Nexys-Video-HDMI.sdk/Nexys-Video-HDMI/Debug/Nexys-Video-HDMI.elf' is downloaded to processor 'microblaze_0'.
19:33:52 INFO  : ----------------XSDB Script----------------
connect -url tcp:127.0.0.1:3121
configparams mdm-detect-bscan-mask 2
targets -set -nocase -filter {name =~ "microblaze*#0" && bscan=="USER2"  && jtag_cable_name =~ "Digilent Nexys Video 210276690173B"} -index 0
rst -processor
targets -set -nocase -filter {name =~ "microblaze*#0" && bscan=="USER2"  && jtag_cable_name =~ "Digilent Nexys Video 210276690173B"} -index 0
dow C:/Users/Raymond/Downloads/Nexys-Video-HDMI-2018.2-xy/Nexys-Video-HDMI-2018.2-2/vivado_proj/Nexys-Video-HDMI.sdk/Nexys-Video-HDMI/Debug/Nexys-Video-HDMI.elf
----------------End of Script----------------

19:33:52 INFO  : Memory regions updated for context MicroBlaze #0
19:33:52 INFO  : Memory regions updated for context MicroBlaze #0
19:33:52 INFO  : Context for processor 'microblaze_0' is selected.
19:33:52 INFO  : 'con' command is executed.
19:33:52 INFO  : ----------------XSDB Script (After Launch)----------------
targets -set -nocase -filter {name =~ "microblaze*#0" && bscan=="USER2"  && jtag_cable_name =~ "Digilent Nexys Video 210276690173B"} -index 0
con
----------------End of Script----------------

19:33:52 INFO  : Launch script is exported to file 'C:\Users\Raymond\Downloads\Nexys-Video-HDMI-2018.2-xy\Nexys-Video-HDMI-2018.2-2\vivado_proj\Nexys-Video-HDMI.sdk\.sdk\launch_scripts\xilinx_c-c++_application_(system_debugger)\system_debugger_using_debug_nexys-video-hdmi.elf_on_local.tcl'
20:06:00 INFO  : Connected to target on host '127.0.0.1' and port '3121'.
20:06:00 INFO  : 'targets -set -filter {jtag_cable_name =~ "Digilent Nexys Video 210276690173B" && level==0} -index 0' command is executed.
20:06:06 INFO  : FPGA configured successfully with bitstream "C:/Users/Raymond/Downloads/Nexys-Video-HDMI-2018.2-xy/Nexys-Video-HDMI-2018.2-2/vivado_proj/Nexys-Video-HDMI.sdk/hdmi_wrapper_hw_platform_0/download.bit"
20:06:18 INFO  : Disconnected from the channel tcfchan#2.
20:06:19 INFO  : 'targets -set -filter {jtag_cable_name =~ "Digilent Nexys Video 210276690173B" && level==0} -index 0' command is executed.
20:06:19 INFO  : 'fpga -state' command is executed.
20:06:19 INFO  : Connected to target on host '127.0.0.1' and port '3121'.
20:06:19 INFO  : Jtag cable 'Digilent Nexys Video 210276690173B' is selected.
20:06:19 INFO  : 'jtag frequency' command is executed.
20:06:19 INFO  : 'configparams mdm-detect-bscan-mask 2' command is executed.
20:06:19 INFO  : Context for processor 'microblaze_0' is selected.
20:06:19 INFO  : Processor reset is completed for 'microblaze_0'.
20:06:19 INFO  : Context for processor 'microblaze_0' is selected.
20:06:20 INFO  : The application 'C:/Users/Raymond/Downloads/Nexys-Video-HDMI-2018.2-xy/Nexys-Video-HDMI-2018.2-2/vivado_proj/Nexys-Video-HDMI.sdk/Nexys-Video-HDMI/Debug/Nexys-Video-HDMI.elf' is downloaded to processor 'microblaze_0'.
20:06:20 INFO  : ----------------XSDB Script----------------
connect -url tcp:127.0.0.1:3121
configparams mdm-detect-bscan-mask 2
targets -set -nocase -filter {name =~ "microblaze*#0" && bscan=="USER2"  && jtag_cable_name =~ "Digilent Nexys Video 210276690173B"} -index 0
rst -processor
targets -set -nocase -filter {name =~ "microblaze*#0" && bscan=="USER2"  && jtag_cable_name =~ "Digilent Nexys Video 210276690173B"} -index 0
dow C:/Users/Raymond/Downloads/Nexys-Video-HDMI-2018.2-xy/Nexys-Video-HDMI-2018.2-2/vivado_proj/Nexys-Video-HDMI.sdk/Nexys-Video-HDMI/Debug/Nexys-Video-HDMI.elf
----------------End of Script----------------

20:06:20 INFO  : Memory regions updated for context MicroBlaze #0
20:06:20 INFO  : Memory regions updated for context MicroBlaze #0
20:06:20 INFO  : Context for processor 'microblaze_0' is selected.
20:06:20 INFO  : 'con' command is executed.
20:06:20 INFO  : ----------------XSDB Script (After Launch)----------------
targets -set -nocase -filter {name =~ "microblaze*#0" && bscan=="USER2"  && jtag_cable_name =~ "Digilent Nexys Video 210276690173B"} -index 0
con
----------------End of Script----------------

20:06:20 INFO  : Launch script is exported to file 'C:\Users\Raymond\Downloads\Nexys-Video-HDMI-2018.2-xy\Nexys-Video-HDMI-2018.2-2\vivado_proj\Nexys-Video-HDMI.sdk\.sdk\launch_scripts\xilinx_c-c++_application_(system_debugger)\system_debugger_using_debug_nexys-video-hdmi.elf_on_local.tcl'
20:21:04 INFO  : Disconnected from the channel tcfchan#3.
06:57:20 INFO  : Registering command handlers for SDK TCF services
06:57:22 INFO  : Launching XSCT server: xsct.bat -interactive C:\Users\Raymond\Downloads\Nexys-Video-HDMI-2018.2-xy\Nexys-Video-HDMI-2018.2-2\vivado_proj\Nexys-Video-HDMI.sdk\temp_xsdb_launch_script.tcl
06:57:29 INFO  : XSCT server has started successfully.
06:57:36 INFO  : Successfully done setting XSCT server connection channel  
06:57:36 INFO  : Successfully done setting SDK workspace  
06:57:36 INFO  : Processing command line option -hwspec C:/Users/Raymond/Downloads/Nexys-Video-HDMI-2018.2-xy/Nexys-Video-HDMI-2018.2-2/vivado_proj/Nexys-Video-HDMI.sdk/hdmi_wrapper.hdf.
06:57:37 INFO  : Checking for hwspec changes in the project hdmi_wrapper_hw_platform_1.
06:58:39 INFO  : Connected to target on host '127.0.0.1' and port '3121'.
06:58:40 INFO  : 'targets -set -filter {jtag_cable_name =~ "Digilent Nexys Video 210276690173B" && level==0} -index 0' command is executed.
06:58:46 INFO  : FPGA configured successfully with bitstream "C:/Users/Raymond/Downloads/Nexys-Video-HDMI-2018.2-xy/Nexys-Video-HDMI-2018.2-2/vivado_proj/Nexys-Video-HDMI.sdk/hdmi_wrapper_hw_platform_0/download.bit"
06:59:02 INFO  : 'targets -set -filter {jtag_cable_name =~ "Digilent Nexys Video 210276690173B" && level==0} -index 0' command is executed.
06:59:02 INFO  : 'fpga -state' command is executed.
06:59:02 INFO  : Connected to target on host '127.0.0.1' and port '3121'.
06:59:02 INFO  : Jtag cable 'Digilent Nexys Video 210276690173B' is selected.
06:59:02 INFO  : 'jtag frequency' command is executed.
06:59:02 INFO  : 'configparams mdm-detect-bscan-mask 2' command is executed.
06:59:02 INFO  : Context for processor 'microblaze_0' is selected.
06:59:02 INFO  : Processor reset is completed for 'microblaze_0'.
06:59:02 INFO  : Context for processor 'microblaze_0' is selected.
06:59:03 INFO  : The application 'C:/Users/Raymond/Downloads/Nexys-Video-HDMI-2018.2-xy/Nexys-Video-HDMI-2018.2-2/vivado_proj/Nexys-Video-HDMI.sdk/Nexys-Video-HDMI/Debug/Nexys-Video-HDMI.elf' is downloaded to processor 'microblaze_0'.
06:59:03 INFO  : ----------------XSDB Script----------------
connect -url tcp:127.0.0.1:3121
configparams mdm-detect-bscan-mask 2
targets -set -nocase -filter {name =~ "microblaze*#0" && bscan=="USER2"  && jtag_cable_name =~ "Digilent Nexys Video 210276690173B"} -index 0
rst -processor
targets -set -nocase -filter {name =~ "microblaze*#0" && bscan=="USER2"  && jtag_cable_name =~ "Digilent Nexys Video 210276690173B"} -index 0
dow C:/Users/Raymond/Downloads/Nexys-Video-HDMI-2018.2-xy/Nexys-Video-HDMI-2018.2-2/vivado_proj/Nexys-Video-HDMI.sdk/Nexys-Video-HDMI/Debug/Nexys-Video-HDMI.elf
----------------End of Script----------------

06:59:03 INFO  : Memory regions updated for context MicroBlaze #0
06:59:03 INFO  : Memory regions updated for context MicroBlaze #0
06:59:03 INFO  : Context for processor 'microblaze_0' is selected.
06:59:03 INFO  : 'con' command is executed.
06:59:03 INFO  : ----------------XSDB Script (After Launch)----------------
targets -set -nocase -filter {name =~ "microblaze*#0" && bscan=="USER2"  && jtag_cable_name =~ "Digilent Nexys Video 210276690173B"} -index 0
con
----------------End of Script----------------

06:59:03 INFO  : Launch script is exported to file 'C:\Users\Raymond\Downloads\Nexys-Video-HDMI-2018.2-xy\Nexys-Video-HDMI-2018.2-2\vivado_proj\Nexys-Video-HDMI.sdk\.sdk\launch_scripts\xilinx_c-c++_application_(system_debugger)\system_debugger_using_debug_nexys-video-hdmi.elf_on_local.tcl'
07:00:29 INFO  : Disconnected from the channel tcfchan#1.
10:17:50 INFO  : Registering command handlers for SDK TCF services
10:17:51 INFO  : Launching XSCT server: xsct.bat -interactive C:\Users\Raymond\Downloads\Nexys-Video-HDMI-2018.2-xy\Nexys-Video-HDMI-2018.2-2\vivado_proj\Nexys-Video-HDMI.sdk\temp_xsdb_launch_script.tcl
10:17:57 INFO  : XSCT server has started successfully.
10:18:04 INFO  : Successfully done setting XSCT server connection channel  
10:18:04 INFO  : Successfully done setting SDK workspace  
10:18:04 INFO  : Processing command line option -hwspec C:/Users/Raymond/Downloads/Nexys-Video-HDMI-2018.2-xy/Nexys-Video-HDMI-2018.2-2/vivado_proj/Nexys-Video-HDMI.sdk/hdmi_wrapper.hdf.
10:18:04 INFO  : Checking for hwspec changes in the project hdmi_wrapper_hw_platform_1.
10:18:59 INFO  : Connected to target on host '127.0.0.1' and port '3121'.
10:18:59 INFO  : 'targets -set -filter {jtag_cable_name =~ "Digilent Nexys Video 210276690173B" && level==0} -index 0' command is executed.
10:19:05 INFO  : FPGA configured successfully with bitstream "C:/Users/Raymond/Downloads/Nexys-Video-HDMI-2018.2-xy/Nexys-Video-HDMI-2018.2-2/vivado_proj/Nexys-Video-HDMI.sdk/hdmi_wrapper_hw_platform_0/download.bit"
10:19:16 INFO  : 'targets -set -filter {jtag_cable_name =~ "Digilent Nexys Video 210276690173B" && level==0} -index 0' command is executed.
10:19:16 INFO  : 'fpga -state' command is executed.
10:19:16 INFO  : Connected to target on host '127.0.0.1' and port '3121'.
10:19:16 INFO  : Jtag cable 'Digilent Nexys Video 210276690173B' is selected.
10:19:16 INFO  : 'jtag frequency' command is executed.
10:19:16 INFO  : 'configparams mdm-detect-bscan-mask 2' command is executed.
10:19:17 INFO  : Context for processor 'microblaze_0' is selected.
10:19:17 INFO  : Processor reset is completed for 'microblaze_0'.
10:19:17 INFO  : Context for processor 'microblaze_0' is selected.
10:19:17 INFO  : The application 'C:/Users/Raymond/Downloads/Nexys-Video-HDMI-2018.2-xy/Nexys-Video-HDMI-2018.2-2/vivado_proj/Nexys-Video-HDMI.sdk/Nexys-Video-HDMI/Debug/Nexys-Video-HDMI.elf' is downloaded to processor 'microblaze_0'.
10:19:17 INFO  : ----------------XSDB Script----------------
connect -url tcp:127.0.0.1:3121
configparams mdm-detect-bscan-mask 2
targets -set -nocase -filter {name =~ "microblaze*#0" && bscan=="USER2"  && jtag_cable_name =~ "Digilent Nexys Video 210276690173B"} -index 0
rst -processor
targets -set -nocase -filter {name =~ "microblaze*#0" && bscan=="USER2"  && jtag_cable_name =~ "Digilent Nexys Video 210276690173B"} -index 0
dow C:/Users/Raymond/Downloads/Nexys-Video-HDMI-2018.2-xy/Nexys-Video-HDMI-2018.2-2/vivado_proj/Nexys-Video-HDMI.sdk/Nexys-Video-HDMI/Debug/Nexys-Video-HDMI.elf
----------------End of Script----------------

10:19:17 INFO  : Memory regions updated for context MicroBlaze #0
10:19:17 INFO  : Memory regions updated for context MicroBlaze #0
10:19:17 INFO  : Context for processor 'microblaze_0' is selected.
10:19:18 INFO  : 'con' command is executed.
10:19:18 INFO  : ----------------XSDB Script (After Launch)----------------
targets -set -nocase -filter {name =~ "microblaze*#0" && bscan=="USER2"  && jtag_cable_name =~ "Digilent Nexys Video 210276690173B"} -index 0
con
----------------End of Script----------------

10:19:18 INFO  : Launch script is exported to file 'C:\Users\Raymond\Downloads\Nexys-Video-HDMI-2018.2-xy\Nexys-Video-HDMI-2018.2-2\vivado_proj\Nexys-Video-HDMI.sdk\.sdk\launch_scripts\xilinx_c-c++_application_(system_debugger)\system_debugger_using_debug_nexys-video-hdmi.elf_on_local.tcl'
10:23:08 INFO  : Connected to target on host '127.0.0.1' and port '3121'.
10:23:09 INFO  : 'targets -set -filter {jtag_cable_name =~ "Digilent Nexys Video 210276690173B" && level==0} -index 0' command is executed.
10:23:14 INFO  : FPGA configured successfully with bitstream "C:/Users/Raymond/Downloads/Nexys-Video-HDMI-2018.2-xy/Nexys-Video-HDMI-2018.2-2/vivado_proj/Nexys-Video-HDMI.sdk/hdmi_wrapper_hw_platform_0/download.bit"
10:24:04 INFO  : Disconnected from the channel tcfchan#1.
10:24:05 INFO  : 'targets -set -filter {jtag_cable_name =~ "Digilent Nexys Video 210276690173B" && level==0} -index 0' command is executed.
10:24:05 INFO  : 'fpga -state' command is executed.
10:24:05 INFO  : Connected to target on host '127.0.0.1' and port '3121'.
10:24:06 INFO  : Jtag cable 'Digilent Nexys Video 210276690173B' is selected.
10:24:06 INFO  : 'jtag frequency' command is executed.
10:24:06 INFO  : 'configparams mdm-detect-bscan-mask 2' command is executed.
10:24:06 INFO  : Context for processor 'microblaze_0' is selected.
10:24:06 INFO  : Processor reset is completed for 'microblaze_0'.
10:24:06 INFO  : Context for processor 'microblaze_0' is selected.
10:24:06 INFO  : The application 'C:/Users/Raymond/Downloads/Nexys-Video-HDMI-2018.2-xy/Nexys-Video-HDMI-2018.2-2/vivado_proj/Nexys-Video-HDMI.sdk/Nexys-Video-HDMI/Debug/Nexys-Video-HDMI.elf' is downloaded to processor 'microblaze_0'.
10:24:06 INFO  : ----------------XSDB Script----------------
connect -url tcp:127.0.0.1:3121
configparams mdm-detect-bscan-mask 2
targets -set -nocase -filter {name =~ "microblaze*#0" && bscan=="USER2"  && jtag_cable_name =~ "Digilent Nexys Video 210276690173B"} -index 0
rst -processor
targets -set -nocase -filter {name =~ "microblaze*#0" && bscan=="USER2"  && jtag_cable_name =~ "Digilent Nexys Video 210276690173B"} -index 0
dow C:/Users/Raymond/Downloads/Nexys-Video-HDMI-2018.2-xy/Nexys-Video-HDMI-2018.2-2/vivado_proj/Nexys-Video-HDMI.sdk/Nexys-Video-HDMI/Debug/Nexys-Video-HDMI.elf
----------------End of Script----------------

10:24:07 INFO  : Memory regions updated for context MicroBlaze #0
10:24:07 INFO  : Memory regions updated for context MicroBlaze #0
10:24:07 INFO  : Context for processor 'microblaze_0' is selected.
10:24:07 INFO  : 'con' command is executed.
10:24:07 INFO  : ----------------XSDB Script (After Launch)----------------
targets -set -nocase -filter {name =~ "microblaze*#0" && bscan=="USER2"  && jtag_cable_name =~ "Digilent Nexys Video 210276690173B"} -index 0
con
----------------End of Script----------------

10:24:07 INFO  : Launch script is exported to file 'C:\Users\Raymond\Downloads\Nexys-Video-HDMI-2018.2-xy\Nexys-Video-HDMI-2018.2-2\vivado_proj\Nexys-Video-HDMI.sdk\.sdk\launch_scripts\xilinx_c-c++_application_(system_debugger)\system_debugger_using_debug_nexys-video-hdmi.elf_on_local.tcl'
11:10:31 INFO  : Disconnected from the channel tcfchan#2.
11:13:39 INFO  : Registering command handlers for SDK TCF services
11:13:40 INFO  : Launching XSCT server: xsct.bat -interactive C:\Users\Raymond\Downloads\Nexys-Video-HDMI-2018.2-xy\Nexys-Video-HDMI-2018.2-2\vivado_proj\Nexys-Video-HDMI.sdk\temp_xsdb_launch_script.tcl
11:13:43 INFO  : XSCT server has started successfully.
11:13:43 INFO  : Successfully done setting XSCT server connection channel  
11:13:43 INFO  : Successfully done setting SDK workspace  
11:13:43 INFO  : Processing command line option -hwspec C:/Users/Raymond/Downloads/Nexys-Video-HDMI-2018.2-xy/Nexys-Video-HDMI-2018.2-2/vivado_proj/Nexys-Video-HDMI.sdk/hdmi_wrapper.hdf.
11:13:43 INFO  : Checking for hwspec changes in the project hdmi_wrapper_hw_platform_1.
11:16:12 INFO  : Connected to target on host '127.0.0.1' and port '3121'.
11:16:13 INFO  : 'targets -set -filter {jtag_cable_name =~ "Digilent Nexys Video 210276690173B" && level==0} -index 0' command is executed.
11:16:19 INFO  : FPGA configured successfully with bitstream "C:/Users/Raymond/Downloads/Nexys-Video-HDMI-2018.2-xy/Nexys-Video-HDMI-2018.2-2/vivado_proj/Nexys-Video-HDMI.sdk/hdmi_wrapper_hw_platform_0/download.bit"
11:16:37 INFO  : 'targets -set -filter {jtag_cable_name =~ "Digilent Nexys Video 210276690173B" && level==0} -index 0' command is executed.
11:16:37 INFO  : 'fpga -state' command is executed.
11:16:37 INFO  : Connected to target on host '127.0.0.1' and port '3121'.
11:16:37 INFO  : Jtag cable 'Digilent Nexys Video 210276690173B' is selected.
11:16:37 INFO  : 'jtag frequency' command is executed.
11:16:37 INFO  : 'configparams mdm-detect-bscan-mask 2' command is executed.
11:16:37 INFO  : Context for processor 'microblaze_0' is selected.
11:16:37 INFO  : Processor reset is completed for 'microblaze_0'.
11:16:37 INFO  : Context for processor 'microblaze_0' is selected.
11:16:38 INFO  : The application 'C:/Users/Raymond/Downloads/Nexys-Video-HDMI-2018.2-xy/Nexys-Video-HDMI-2018.2-2/vivado_proj/Nexys-Video-HDMI.sdk/Nexys-Video-HDMI/Debug/Nexys-Video-HDMI.elf' is downloaded to processor 'microblaze_0'.
11:16:38 INFO  : ----------------XSDB Script----------------
connect -url tcp:127.0.0.1:3121
configparams mdm-detect-bscan-mask 2
targets -set -nocase -filter {name =~ "microblaze*#0" && bscan=="USER2"  && jtag_cable_name =~ "Digilent Nexys Video 210276690173B"} -index 0
rst -processor
targets -set -nocase -filter {name =~ "microblaze*#0" && bscan=="USER2"  && jtag_cable_name =~ "Digilent Nexys Video 210276690173B"} -index 0
dow C:/Users/Raymond/Downloads/Nexys-Video-HDMI-2018.2-xy/Nexys-Video-HDMI-2018.2-2/vivado_proj/Nexys-Video-HDMI.sdk/Nexys-Video-HDMI/Debug/Nexys-Video-HDMI.elf
----------------End of Script----------------

11:16:38 INFO  : Memory regions updated for context MicroBlaze #0
11:16:38 INFO  : Memory regions updated for context MicroBlaze #0
11:16:38 INFO  : Context for processor 'microblaze_0' is selected.
11:16:38 INFO  : 'con' command is executed.
11:16:38 INFO  : ----------------XSDB Script (After Launch)----------------
targets -set -nocase -filter {name =~ "microblaze*#0" && bscan=="USER2"  && jtag_cable_name =~ "Digilent Nexys Video 210276690173B"} -index 0
con
----------------End of Script----------------

11:16:38 INFO  : Launch script is exported to file 'C:\Users\Raymond\Downloads\Nexys-Video-HDMI-2018.2-xy\Nexys-Video-HDMI-2018.2-2\vivado_proj\Nexys-Video-HDMI.sdk\.sdk\launch_scripts\xilinx_c-c++_application_(system_debugger)\system_debugger_using_debug_nexys-video-hdmi.elf_on_local.tcl'
11:19:45 INFO  : Disconnected from the channel tcfchan#1.
11:22:08 INFO  : Registering command handlers for SDK TCF services
11:22:10 INFO  : Launching XSCT server: xsct.bat -interactive C:\Users\Raymond\Downloads\Nexys-Video-HDMI-2018.2-xy\Nexys-Video-HDMI-2018.2-2\vivado_proj\Nexys-Video-HDMI.sdk\temp_xsdb_launch_script.tcl
11:22:13 INFO  : XSCT server has started successfully.
11:22:13 INFO  : Successfully done setting XSCT server connection channel  
11:22:13 INFO  : Successfully done setting SDK workspace  
11:22:13 INFO  : Processing command line option -hwspec C:/Users/Raymond/Downloads/Nexys-Video-HDMI-2018.2-xy/Nexys-Video-HDMI-2018.2-2/vivado_proj/Nexys-Video-HDMI.sdk/hdmi_wrapper.hdf.
11:22:13 INFO  : Checking for hwspec changes in the project hdmi_wrapper_hw_platform_1.
11:34:41 INFO  : Registering command handlers for SDK TCF services
11:34:41 INFO  : Launching XSCT server: xsct.bat -interactive C:\Users\Raymond\Downloads\Nexys-Video-HDMI-2018.2-xy\Nexys-Video-HDMI-2018.2-2\vivado_proj\Nexys-Video-HDMI.sdk\temp_xsdb_launch_script.tcl
11:34:44 INFO  : XSCT server has started successfully.
11:34:44 INFO  : Successfully done setting XSCT server connection channel  
11:34:45 INFO  : Successfully done setting SDK workspace  
11:34:45 INFO  : Processing command line option -hwspec C:/Users/Raymond/Downloads/Nexys-Video-HDMI-2018.2-xy/Nexys-Video-HDMI-2018.2-2/vivado_proj/Nexys-Video-HDMI.sdk/hdmi_wrapper.hdf.
11:34:45 INFO  : Checking for hwspec changes in the project hdmi_wrapper_hw_platform_1.
