#-----------------------------------------------------------
# Vivado v2018.3.1 (64-bit)
# SW Build 2489853 on Tue Mar 26 04:20:25 MDT 2019
# IP Build 2486929 on Tue Mar 26 06:44:21 MDT 2019
# Start of session at: Mon Mar 10 18:18:13 2025
# Process ID: 2140
# Current directory: C:/Users/lny/Desktop/FourthYear/ece532/Nexys-Video-HDMI-2018.2-2/vivado_proj
# Command line: vivado.exe -gui_launcher_event rodinguilauncherevent30576 C:\Users\lny\Desktop\FourthYear\ece532\Nexys-Video-HDMI-2018.2-2\vivado_proj\Nexys-Video-HDMI.xpr
# Log file: C:/Users/lny/Desktop/FourthYear/ece532/Nexys-Video-HDMI-2018.2-2/vivado_proj/vivado.log
# Journal file: C:/Users/lny/Desktop/FourthYear/ece532/Nexys-Video-HDMI-2018.2-2/vivado_proj\vivado.jou
#-----------------------------------------------------------
start_gui
open_project C:/Users/lny/Desktop/FourthYear/ece532/Nexys-Video-HDMI-2018.2-2/vivado_proj/Nexys-Video-HDMI.xpr
INFO: [Project 1-313] Project file moved from 'C:/Users/lny/Downloads/Nexys-Video-HDMI-2018.2-2/vivado_proj' since last save.
Scanning sources...
Finished scanning sources
INFO: [IP_Flow 19-234] Refreshing IP repositories
INFO: [IP_Flow 19-1700] Loaded user IP repository 'c:/Users/lny/Desktop/FourthYear/ece532/Nexys-Video-HDMI-2018.2-2/vivado_proj/Nexys-Video-HDMI.ipdefs/repo_0'.
INFO: [IP_Flow 19-2313] Loaded Vivado IP repository 'C:/Xilinx/Vivado/2018.3/data/ip'.
open_project: Time (s): cpu = 00:00:10 ; elapsed = 00:00:16 . Memory (MB): peak = 1080.688 ; gain = 401.516
exit
INFO: [Common 17-206] Exiting Vivado at Mon Mar 10 18:18:52 2025...
