#-----------------------------------------------------------
# Vivado v2018.3 (64-bit)
# SW Build 2405991 on Thu Dec  6 23:38:27 MST 2018
# IP Build 2404404 on Fri Dec  7 01:43:56 MST 2018
# Start of session at: Tue Mar 11 06:54:46 2025
# Process ID: 23572
# Current directory: C:/Users/Raymond/Downloads/Nexys-Video-HDMI-2018.2-xy/Nexys-Video-HDMI-2018.2-2/vivado_proj
# Command line: vivado.exe -gui_launcher_event rodinguilauncherevent30240 C:\Users\Raymond\Downloads\Nexys-Video-HDMI-2018.2-xy\Nexys-Video-HDMI-2018.2-2\vivado_proj\Nexys-Video-HDMI.xpr
# Log file: C:/Users/Raymond/Downloads/Nexys-Video-HDMI-2018.2-xy/Nexys-Video-HDMI-2018.2-2/vivado_proj/vivado.log
# Journal file: C:/Users/Raymond/Downloads/Nexys-Video-HDMI-2018.2-xy/Nexys-Video-HDMI-2018.2-2/vivado_proj\vivado.jou
#-----------------------------------------------------------
start_gui
open_project C:/Users/Raymond/Downloads/Nexys-Video-HDMI-2018.2-xy/Nexys-Video-HDMI-2018.2-2/vivado_proj/Nexys-Video-HDMI.xpr
INFO: [ProjectBase 1-489] The host OS only allows 260 characters in a normal path. The project is stored in a path with more than 80 characters. If you experience issues with IP, Block Designs, or files not being found, please consider moving the project to a location with a shorter path. Alternately consider using the OS subst command to map part of the path to a drive letter.
Current project path is 'C:/Users/Raymond/Downloads/Nexys-Video-HDMI-2018.2-xy/Nexys-Video-HDMI-2018.2-2/vivado_proj'
Scanning sources...
Finished scanning sources
INFO: [IP_Flow 19-234] Refreshing IP repositories
INFO: [IP_Flow 19-1700] Loaded user IP repository 'c:/Users/Raymond/Downloads/Nexys-Video-HDMI-2018.2-xy/Nexys-Video-HDMI-2018.2-2/vivado_proj/Nexys-Video-HDMI.ipdefs/repo_0'.
INFO: [IP_Flow 19-2313] Loaded Vivado IP repository 'C:/Xilinx/Vivado/2018.3/data/ip'.
open_project: Time (s): cpu = 00:01:00 ; elapsed = 00:00:41 . Memory (MB): peak = 1036.430 ; gain = 417.938
update_compile_order -fileset sources_1
launch_sdk -workspace C:/Users/Raymond/Downloads/Nexys-Video-HDMI-2018.2-xy/Nexys-Video-HDMI-2018.2-2/vivado_proj/Nexys-Video-HDMI.sdk -hwspec C:/Users/Raymond/Downloads/Nexys-Video-HDMI-2018.2-xy/Nexys-Video-HDMI-2018.2-2/vivado_proj/Nexys-Video-HDMI.sdk/hdmi_wrapper.hdf
INFO: [Vivado 12-393] Launching SDK...
INFO: [Vivado 12-417] Running xsdk -workspace C:/Users/Raymond/Downloads/Nexys-Video-HDMI-2018.2-xy/Nexys-Video-HDMI-2018.2-2/vivado_proj/Nexys-Video-HDMI.sdk -hwspec C:/Users/Raymond/Downloads/Nexys-Video-HDMI-2018.2-xy/Nexys-Video-HDMI-2018.2-2/vivado_proj/Nexys-Video-HDMI.sdk/hdmi_wrapper.hdf
INFO: [Vivado 12-3157] SDK launch initiated. Please check console for any further messages.
exit
INFO: [Common 17-206] Exiting Vivado at Tue Mar 11 07:00:37 2025...
