#-----------------------------------------------------------
# Vivado v2018.3.1 (64-bit)
# SW Build 2489853 on Tue Mar 26 04:20:25 MDT 2019
# IP Build 2486929 on Tue Mar 26 06:44:21 MDT 2019
# Start of session at: Mon Mar 10 18:02:15 2025
# Process ID: 33380
# Current directory: C:/Users/lny/Downloads/Nexys-Video-HDMI-2018.2-2/vivado_proj
# Command line: vivado.exe -gui_launcher_event rodinguilauncherevent25636 C:\Users\lny\Downloads\Nexys-Video-HDMI-2018.2-2\vivado_proj\Nexys-Video-HDMI.xpr
# Log file: C:/Users/lny/Downloads/Nexys-Video-HDMI-2018.2-2/vivado_proj/vivado.log
# Journal file: C:/Users/lny/Downloads/Nexys-Video-HDMI-2018.2-2/vivado_proj\vivado.jou
#-----------------------------------------------------------
start_gui
open_project C:/Users/lny/Downloads/Nexys-Video-HDMI-2018.2-2/vivado_proj/Nexys-Video-HDMI.xpr
Scanning sources...
Finished scanning sources
INFO: [IP_Flow 19-234] Refreshing IP repositories
INFO: [IP_Flow 19-1700] Loaded user IP repository 'c:/Users/lny/Downloads/Nexys-Video-HDMI-2018.2-2/vivado_proj/Nexys-Video-HDMI.ipdefs/repo_0'.
INFO: [IP_Flow 19-2313] Loaded Vivado IP repository 'C:/Xilinx/Vivado/2018.3/data/ip'.
open_project: Time (s): cpu = 00:00:12 ; elapsed = 00:00:18 . Memory (MB): peak = 1085.691 ; gain = 380.727
update_compile_order -fileset sources_1
launch_sdk -workspace C:/Users/lny/Downloads/Nexys-Video-HDMI-2018.2-2/vivado_proj/Nexys-Video-HDMI.sdk -hwspec C:/Users/lny/Downloads/Nexys-Video-HDMI-2018.2-2/vivado_proj/Nexys-Video-HDMI.sdk/hdmi_wrapper.hdf
INFO: [Vivado 12-393] Launching SDK...
INFO: [Vivado 12-417] Running xsdk -workspace C:/Users/lny/Downloads/Nexys-Video-HDMI-2018.2-2/vivado_proj/Nexys-Video-HDMI.sdk -hwspec C:/Users/lny/Downloads/Nexys-Video-HDMI-2018.2-2/vivado_proj/Nexys-Video-HDMI.sdk/hdmi_wrapper.hdf
INFO: [Vivado 12-3157] SDK launch initiated. Please check console for any further messages.
exit
INFO: [Common 17-206] Exiting Vivado at Mon Mar 10 18:06:59 2025...
