10:15:40 **** Auto Build of project drum_v5_bsp ****
make -k all 
"Running Make include in microblaze_0/libsrc/axidma_v9_8/src"
make -C microblaze_0/libsrc/axidma_v9_8/src -s include  "SHELL=CMD" "COMPILER=mb-gcc" "ARCHIVER=mb-ar" "COMPILER_FLAGS=  -O2 -c -mcpu=v11.0 -mhard-float -mlittle-endian -mno-xl-soft-div -mno-xl-soft-mul -mxl-pattern-compare" "EXTRA_COMPILER_FLAGS=-ffunction-sections -fdata-sections -Wall -Wextra"
"Running Make include in microblaze_0/libsrc/axivdma_v6_6/src"
make -C microblaze_0/libsrc/axivdma_v6_6/src -s include  "SHELL=CMD" "COMPILER=mb-gcc" "ARCHIVER=mb-ar" "COMPILER_FLAGS=  -O2 -c -mcpu=v11.0 -mhard-float -mlittle-endian -mno-xl-soft-div -mno-xl-soft-mul -mxl-pattern-compare" "EXTRA_COMPILER_FLAGS=-ffunction-sections -fdata-sections -Wall -Wextra"
"Running Make include in microblaze_0/libsrc/bram_v4_2/src"
make -C microblaze_0/libsrc/bram_v4_2/src -s include  "SHELL=CMD" "COMPILER=mb-gcc" "ARCHIVER=mb-ar" "COMPILER_FLAGS=  -O2 -c -mcpu=v11.0 -mhard-float -mlittle-endian -mno-xl-soft-div -mno-xl-soft-mul -mxl-pattern-compare" "EXTRA_COMPILER_FLAGS=-ffunction-sections -fdata-sections -Wall -Wextra"
"Running Make include in microblaze_0/libsrc/cpu_v2_8/src"
make -C microblaze_0/libsrc/cpu_v2_8/src -s include  "SHELL=CMD" "COMPILER=mb-gcc" "ARCHIVER=mb-ar" "COMPILER_FLAGS=  -O2 -c -mcpu=v11.0 -mhard-float -mlittle-endian -mno-xl-soft-div -mno-xl-soft-mul -mxl-pattern-compare" "EXTRA_COMPILER_FLAGS=-ffunction-sections -fdata-sections -Wall -Wextra"
"Running Make include in microblaze_0/libsrc/gpio_v4_3/src"
make -C microblaze_0/libsrc/gpio_v4_3/src -s include  "SHELL=CMD" "COMPILER=mb-gcc" "ARCHIVER=mb-ar" "COMPILER_FLAGS=  -O2 -c -mcpu=v11.0 -mhard-float -mlittle-endian -mno-xl-soft-div -mno-xl-soft-mul -mxl-pattern-compare" "EXTRA_COMPILER_FLAGS=-ffunction-sections -fdata-sections -Wall -Wextra"
"Running Make include in microblaze_0/libsrc/iic_v3_5/src"
make -C microblaze_0/libsrc/iic_v3_5/src -s include  "SHELL=CMD" "COMPILER=mb-gcc" "ARCHIVER=mb-ar" "COMPILER_FLAGS=  -O2 -c -mcpu=v11.0 -mhard-float -mlittle-endian -mno-xl-soft-div -mno-xl-soft-mul -mxl-pattern-compare" "EXTRA_COMPILER_FLAGS=-ffunction-sections -fdata-sections -Wall -Wextra"
"Running Make include in microblaze_0/libsrc/intc_v3_8/src"
make -C microblaze_0/libsrc/intc_v3_8/src -s include  "SHELL=CMD" "COMPILER=mb-gcc" "ARCHIVER=mb-ar" "COMPILER_FLAGS=  -O2 -c -mcpu=v11.0 -mhard-float -mlittle-endian -mno-xl-soft-div -mno-xl-soft-mul -mxl-pattern-compare" "EXTRA_COMPILER_FLAGS=-ffunction-sections -fdata-sections -Wall -Wextra"
"Running Make include in microblaze_0/libsrc/PmodACL2_v1_0/src"
make -C microblaze_0/libsrc/PmodACL2_v1_0/src -s include  "SHELL=CMD" "COMPILER=mb-gcc" "ARCHIVER=mb-ar" "COMPILER_FLAGS=  -O2 -c -mcpu=v11.0 -mhard-float -mlittle-endian -mno-xl-soft-div -mno-xl-soft-mul -mxl-pattern-compare" "EXTRA_COMPILER_FLAGS=-ffunction-sections -fdata-sections -Wall -Wextra"
"Running Make include in microblaze_0/libsrc/standalone_v6_8/src"
make -C microblaze_0/libsrc/standalone_v6_8/src -s include  "SHELL=CMD" "COMPILER=mb-gcc" "ARCHIVER=mb-ar" "COMPILER_FLAGS=  -O2 -c -mcpu=v11.0 -mhard-float -mlittle-endian -mno-xl-soft-div -mno-xl-soft-mul -mxl-pattern-compare" "EXTRA_COMPILER_FLAGS=-ffunction-sections -fdata-sections -Wall -Wextra"
"Running Make include in microblaze_0/libsrc/tmrctr_v4_5/src"
make -C microblaze_0/libsrc/tmrctr_v4_5/src -s include  "SHELL=CMD" "COMPILER=mb-gcc" "ARCHIVER=mb-ar" "COMPILER_FLAGS=  -O2 -c -mcpu=v11.0 -mhard-float -mlittle-endian -mno-xl-soft-div -mno-xl-soft-mul -mxl-pattern-compare" "EXTRA_COMPILER_FLAGS=-ffunction-sections -fdata-sections -Wall -Wextra"
"Running Make include in microblaze_0/libsrc/uartlite_v3_2/src"
make -C microblaze_0/libsrc/uartlite_v3_2/src -s include  "SHELL=CMD" "COMPILER=mb-gcc" "ARCHIVER=mb-ar" "COMPILER_FLAGS=  -O2 -c -mcpu=v11.0 -mhard-float -mlittle-endian -mno-xl-soft-div -mno-xl-soft-mul -mxl-pattern-compare" "EXTRA_COMPILER_FLAGS=-ffunction-sections -fdata-sections -Wall -Wextra"
"Running Make include in microblaze_0/libsrc/vtc_v8_0/src"
make -C microblaze_0/libsrc/vtc_v8_0/src -s include  "SHELL=CMD" "COMPILER=mb-gcc" "ARCHIVER=mb-ar" "COMPILER_FLAGS=  -O2 -c -mcpu=v11.0 -mhard-float -mlittle-endian -mno-xl-soft-div -mno-xl-soft-mul -mxl-pattern-compare" "EXTRA_COMPILER_FLAGS=-ffunction-sections -fdata-sections -Wall -Wextra"
"Running Make libs in microblaze_0/libsrc/axidma_v9_8/src"
make -C microblaze_0/libsrc/axidma_v9_8/src -s libs  "SHELL=CMD" "COMPILER=mb-gcc" "ARCHIVER=mb-ar" "COMPILER_FLAGS=  -O2 -c -mcpu=v11.0 -mhard-float -mlittle-endian -mno-xl-soft-div -mno-xl-soft-mul -mxl-pattern-compare" "EXTRA_COMPILER_FLAGS=-ffunction-sections -fdata-sections -Wall -Wextra"
"Compiling axidma"
"Running Make libs in microblaze_0/libsrc/axivdma_v6_6/src"
make -C microblaze_0/libsrc/axivdma_v6_6/src -s libs  "SHELL=CMD" "COMPILER=mb-gcc" "ARCHIVER=mb-ar" "COMPILER_FLAGS=  -O2 -c -mcpu=v11.0 -mhard-float -mlittle-endian -mno-xl-soft-div -mno-xl-soft-mul -mxl-pattern-compare" "EXTRA_COMPILER_FLAGS=-ffunction-sections -fdata-sections -Wall -Wextra"
"Compiling axivdma"
"Running Make libs in microblaze_0/libsrc/bram_v4_2/src"
make -C microblaze_0/libsrc/bram_v4_2/src -s libs  "SHELL=CMD" "COMPILER=mb-gcc" "ARCHIVER=mb-ar" "COMPILER_FLAGS=  -O2 -c -mcpu=v11.0 -mhard-float -mlittle-endian -mno-xl-soft-div -mno-xl-soft-mul -mxl-pattern-compare" "EXTRA_COMPILER_FLAGS=-ffunction-sections -fdata-sections -Wall -Wextra"
"Compiling bram"
"Running Make libs in microblaze_0/libsrc/cpu_v2_8/src"
make -C microblaze_0/libsrc/cpu_v2_8/src -s libs  "SHELL=CMD" "COMPILER=mb-gcc" "ARCHIVER=mb-ar" "COMPILER_FLAGS=  -O2 -c -mcpu=v11.0 -mhard-float -mlittle-endian -mno-xl-soft-div -mno-xl-soft-mul -mxl-pattern-compare" "EXTRA_COMPILER_FLAGS=-ffunction-sections -fdata-sections -Wall -Wextra"
"Compiling cpu"
"Running Make libs in microblaze_0/libsrc/gpio_v4_3/src"
make -C microblaze_0/libsrc/gpio_v4_3/src -s libs  "SHELL=CMD" "COMPILER=mb-gcc" "ARCHIVER=mb-ar" "COMPILER_FLAGS=  -O2 -c -mcpu=v11.0 -mhard-float -mlittle-endian -mno-xl-soft-div -mno-xl-soft-mul -mxl-pattern-compare" "EXTRA_COMPILER_FLAGS=-ffunction-sections -fdata-sections -Wall -Wextra"
"Compiling gpio"
"Running Make libs in microblaze_0/libsrc/iic_v3_5/src"
make -C microblaze_0/libsrc/iic_v3_5/src -s libs  "SHELL=CMD" "COMPILER=mb-gcc" "ARCHIVER=mb-ar" "COMPILER_FLAGS=  -O2 -c -mcpu=v11.0 -mhard-float -mlittle-endian -mno-xl-soft-div -mno-xl-soft-mul -mxl-pattern-compare" "EXTRA_COMPILER_FLAGS=-ffunction-sections -fdata-sections -Wall -Wextra"
"Compiling iic"
"Running Make libs in microblaze_0/libsrc/intc_v3_8/src"
make -C microblaze_0/libsrc/intc_v3_8/src -s libs  "SHELL=CMD" "COMPILER=mb-gcc" "ARCHIVER=mb-ar" "COMPILER_FLAGS=  -O2 -c -mcpu=v11.0 -mhard-float -mlittle-endian -mno-xl-soft-div -mno-xl-soft-mul -mxl-pattern-compare" "EXTRA_COMPILER_FLAGS=-ffunction-sections -fdata-sections -Wall -Wextra"
"Compiling intc"
"Running Make libs in microblaze_0/libsrc/PmodACL2_v1_0/src"
make -C microblaze_0/libsrc/PmodACL2_v1_0/src -s libs  "SHELL=CMD" "COMPILER=mb-gcc" "ARCHIVER=mb-ar" "COMPILER_FLAGS=  -O2 -c -mcpu=v11.0 -mhard-float -mlittle-endian -mno-xl-soft-div -mno-xl-soft-mul -mxl-pattern-compare" "EXTRA_COMPILER_FLAGS=-ffunction-sections -fdata-sections -Wall -Wextra"
"Compiling PmodACL2"
"Running Make libs in microblaze_0/libsrc/standalone_v6_8/src"
make -C microblaze_0/libsrc/standalone_v6_8/src -s libs  "SHELL=CMD" "COMPILER=mb-gcc" "ARCHIVER=mb-ar" "COMPILER_FLAGS=  -O2 -c -mcpu=v11.0 -mhard-float -mlittle-endian -mno-xl-soft-div -mno-xl-soft-mul -mxl-pattern-compare" "EXTRA_COMPILER_FLAGS=-ffunction-sections -fdata-sections -Wall -Wextra"
"Compiling standalone";
microblaze_sleep.c:77:9: note: #pragma message: For the sleep routines, assembly instructions are used
 #pragma message ("For the sleep routines, assembly instructions are used")
         ^~~~~~~
"Running Make libs in microblaze_0/libsrc/tmrctr_v4_5/src"
make -C microblaze_0/libsrc/tmrctr_v4_5/src -s libs  "SHELL=CMD" "COMPILER=mb-gcc" "ARCHIVER=mb-ar" "COMPILER_FLAGS=  -O2 -c -mcpu=v11.0 -mhard-float -mlittle-endian -mno-xl-soft-div -mno-xl-soft-mul -mxl-pattern-compare" "EXTRA_COMPILER_FLAGS=-ffunction-sections -fdata-sections -Wall -Wextra"
"Compiling tmrctr"
"Running Make libs in microblaze_0/libsrc/uartlite_v3_2/src"
make -C microblaze_0/libsrc/uartlite_v3_2/src -s libs  "SHELL=CMD" "COMPILER=mb-gcc" "ARCHIVER=mb-ar" "COMPILER_FLAGS=  -O2 -c -mcpu=v11.0 -mhard-float -mlittle-endian -mno-xl-soft-div -mno-xl-soft-mul -mxl-pattern-compare" "EXTRA_COMPILER_FLAGS=-ffunction-sections -fdata-sections -Wall -Wextra"
"Compiling uartlite"
"Running Make libs in microblaze_0/libsrc/vtc_v8_0/src"
make -C microblaze_0/libsrc/vtc_v8_0/src -s libs  "SHELL=CMD" "COMPILER=mb-gcc" "ARCHIVER=mb-ar" "COMPILER_FLAGS=  -O2 -c -mcpu=v11.0 -mhard-float -mlittle-endian -mno-xl-soft-div -mno-xl-soft-mul -mxl-pattern-compare" "EXTRA_COMPILER_FLAGS=-ffunction-sections -fdata-sections -Wall -Wextra"
"Compiling video timing controller"
'Finished building libraries'

10:15:59 Build Finished (took 19s.149ms)

