#-----------------------------------------------------------
# Webtalk v2018.3.1 (64-bit)
# SW Build 2489853 on Tue Mar 26 04:20:25 MDT 2019
# 
# Start of session at: Tue Mar 18 12:04:46 2025
# Process ID: 26940
# Current directory: C:/Users/lny/Desktop/FourthYear/ece532/airDrum/audio_acl_integration_v5_2sounds/audio_acl_integration_v5_2sounds.sdk/webtalk
# Command line: wbtcv.exe -mode batch -source sdk_webtalk.tcl
# Log file: C:/Users/lny/Desktop/FourthYear/ece532/airDrum/audio_acl_integration_v5_2sounds/audio_acl_integration_v5_2sounds.sdk/webtalk/webtalk.log
# Journal file: C:/Users/lny/Desktop/FourthYear/ece532/airDrum/audio_acl_integration_v5_2sounds/audio_acl_integration_v5_2sounds.sdk/webtalk\webtalk.jou
#-----------------------------------------------------------
source sdk_webtalk.tcl
# webtalk_init -webtalk_dir C:\\Users\\lny\\Desktop\\FourthYear\\ece532\\airDrum\\audio_acl_integration_v5_2sounds\\audio_acl_integration_v5_2sounds.sdk\\webtalk
# webtalk_register_client -client project
# webtalk_add_data -client project -key date_generated -value "2025-03-18 12:04:44" -context "software_version_and_target_device"
# webtalk_add_data -client project -key product_version -value "SDK v2018.3" -context "software_version_and_target_device"
# webtalk_add_data -client project -key build_version -value "2018.3" -context "software_version_and_target_device"
# webtalk_add_data -client project -key os_platform -value "amd64" -context "software_version_and_target_device"
# webtalk_add_data -client project -key registration_id -value "" -context "software_version_and_target_device"
# webtalk_add_data -client project -key tool_flow -value "SDK" -context "software_version_and_target_device"
# webtalk_add_data -client project -key beta -value "false" -context "software_version_and_target_device"
# webtalk_add_data -client project -key route_design -value "NA" -context "software_version_and_target_device"
# webtalk_add_data -client project -key target_family -value "NA" -context "software_version_and_target_device"
# webtalk_add_data -client project -key target_device -value "NA" -context "software_version_and_target_device"
# webtalk_add_data -client project -key target_package -value "NA" -context "software_version_and_target_device"
# webtalk_add_data -client project -key target_speed -value "NA" -context "software_version_and_target_device"
# webtalk_add_data -client project -key random_id -value "9k62nds6tnakk0l5mc7m60qp5o" -context "software_version_and_target_device"
# webtalk_add_data -client project -key project_id -value "2018.3_31" -context "software_version_and_target_device"
# webtalk_add_data -client project -key project_iteration -value "31" -context "software_version_and_target_device"
# webtalk_add_data -client project -key os_name -value "Microsoft Windows 8 or later , 64-bit" -context "user_environment"
# webtalk_add_data -client project -key os_release -value "major release  (build 9200)" -context "user_environment"
# webtalk_add_data -client project -key cpu_name -value "Intel(R) Core(TM) Ultra 7 155H" -context "user_environment"
# webtalk_add_data -client project -key cpu_speed -value "2995 MHz" -context "user_environment"
# webtalk_add_data -client project -key total_processors -value "1" -context "user_environment"
# webtalk_add_data -client project -key system_ram -value "33.779 GB" -context "user_environment"
# webtalk_register_client -client sdk
# webtalk_add_data -client sdk -key uid -value "1742313413424" -context "sdk\\\\hardware/1742313413424"
# webtalk_add_data -client sdk -key isZynq -value "false" -context "sdk\\\\hardware/1742313413424"
# webtalk_add_data -client sdk -key isZynqMP -value "false" -context "sdk\\\\hardware/1742313413424"
# webtalk_add_data -client sdk -key Processors -value "1" -context "sdk\\\\hardware/1742313413424"
# webtalk_add_data -client sdk -key VivadoVersion -value "2018.3.1" -context "sdk\\\\hardware/1742313413424"
# webtalk_add_data -client sdk -key Arch -value "artix7" -context "sdk\\\\hardware/1742313413424"
# webtalk_add_data -client sdk -key Device -value "7a200t" -context "sdk\\\\hardware/1742313413424"
# webtalk_add_data -client sdk -key IsHandoff -value "true" -context "sdk\\\\hardware/1742313413424"
# webtalk_add_data -client sdk -key os -value "NA" -context "sdk\\\\hardware/1742313413424"
# webtalk_add_data -client sdk -key apptemplate -value "NA" -context "sdk\\\\hardware/1742313413424"
# webtalk_add_data -client sdk -key RecordType -value "HWCreation" -context "sdk\\\\hardware/1742313413424"
# webtalk_add_data -client sdk -key uid -value "1742313579953" -context "sdk\\\\bsp/1742313579953"
# webtalk_add_data -client sdk -key hwid -value "1742313413424" -context "sdk\\\\bsp/1742313579953"
# webtalk_add_data -client sdk -key os -value "standalone" -context "sdk\\\\bsp/1742313579953"
# webtalk_add_data -client sdk -key apptemplate -value "hello_world" -context "sdk\\\\bsp/1742313579953"
# webtalk_add_data -client sdk -key RecordType -value "BSPCreation" -context "sdk\\\\bsp/1742313579953"
# webtalk_add_data -client sdk -key uid -value "1742313582473" -context "sdk\\\\application/1742313582473"
# webtalk_add_data -client sdk -key hwid -value "1742313413424" -context "sdk\\\\application/1742313582473"
# webtalk_add_data -client sdk -key bspid -value "1742313579953" -context "sdk\\\\application/1742313582473"
# webtalk_add_data -client sdk -key newbsp -value "true" -context "sdk\\\\application/1742313582473"
# webtalk_add_data -client sdk -key os -value "standalone" -context "sdk\\\\application/1742313582473"
# webtalk_add_data -client sdk -key apptemplate -value "hello_world" -context "sdk\\\\application/1742313582473"
# webtalk_add_data -client sdk -key RecordType -value "APPCreation" -context "sdk\\\\application/1742313582473"
# webtalk_add_data -client sdk -key LangUsed -value "C" -context "sdk\\\\application/1742313582473"
# webtalk_add_data -client sdk -key Procused -value "microblaze" -context "sdk\\\\application/1742313582473"
# webtalk_add_data -client sdk -key projSize -value "896.37109375" -context "sdk\\\\application/1742313582473"
# webtalk_add_data -client sdk -key uid -value "NA" -context "sdk\\\\bsp/1742313884885"
# webtalk_add_data -client sdk -key RecordType -value "ToolUsage" -context "sdk\\\\bsp/1742313884885"
# webtalk_add_data -client sdk -key BootgenCount -value "0" -context "sdk\\\\bsp/1742313884885"
# webtalk_add_data -client sdk -key DebugCount -value "0" -context "sdk\\\\bsp/1742313884885"
# webtalk_add_data -client sdk -key PerfCount -value "0" -context "sdk\\\\bsp/1742313884885"
# webtalk_add_data -client sdk -key FlashCount -value "0" -context "sdk\\\\bsp/1742313884885"
# webtalk_add_data -client sdk -key CrossTriggCount -value "0" -context "sdk\\\\bsp/1742313884885"
# webtalk_add_data -client sdk -key QemuDebugCount -value "0" -context "sdk\\\\bsp/1742313884885"
# webtalk_transmit -clientid 2399439382 -regid "" -xml C:\\Users\\lny\\Desktop\\FourthYear\\ece532\\airDrum\\audio_acl_integration_v5_2sounds\\audio_acl_integration_v5_2sounds.sdk\\webtalk\\usage_statistics_ext_sdk.xml -html C:\\Users\\lny\\Desktop\\FourthYear\\ece532\\airDrum\\audio_acl_integration_v5_2sounds\\audio_acl_integration_v5_2sounds.sdk\\webtalk\\usage_statistics_ext_sdk.html -wdm C:\\Users\\lny\\Desktop\\FourthYear\\ece532\\airDrum\\audio_acl_integration_v5_2sounds\\audio_acl_integration_v5_2sounds.sdk\\webtalk\\sdk_webtalk.wdm -intro "<H3>SDK Usage Report</H3><BR>"
# webtalk_terminate
INFO: [Common 17-206] Exiting Webtalk at Tue Mar 18 12:04:47 2025...
