06:59:50 INFO  : Registering command handlers for SDK TCF services
06:59:51 INFO  : Launching XSCT server: xsct.bat -interactive C:\Users\lny\Desktop\FourthYear\ece532\airDrum\WORKING_V4\WORKING_V4.sdk\temp_xsdb_launch_script.tcl
06:59:52 INFO  : XSCT server has started successfully.
06:59:52 INFO  : Successfully done setting XSCT server connection channel  
06:59:52 INFO  : Successfully done setting SDK workspace  
06:59:52 INFO  : Processing command line option -hwspec C:/Users/lny/Desktop/FourthYear/ece532/airDrum/WORKING_V4/WORKING_V4.sdk/design_1_wrapper.hdf.
07:05:43 INFO  : Connected to target on host '127.0.0.1' and port '3121'.
07:05:43 INFO  : 'targets -set -filter {jtag_cable_name =~ "Digilent Nexys Video 210276690173B" && level==0} -index 0' command is executed.
07:05:48 INFO  : FPGA configured successfully with bitstream "C:/Users/lny/Desktop/FourthYear/ece532/airDrum/WORKING_V4/WORKING_V4.sdk/design_1_wrapper_hw_platform_0/download.bit"
07:06:27 INFO  : Connected to target on host '127.0.0.1' and port '3121'.
07:06:27 INFO  : 'targets -set -filter {jtag_cable_name =~ "Digilent Nexys Video 210276690173B" && level==0} -index 0' command is executed.
07:06:32 INFO  : FPGA configured successfully with bitstream "C:/Users/lny/Desktop/FourthYear/ece532/airDrum/WORKING_V4/WORKING_V4.sdk/design_1_wrapper_hw_platform_0/download.bit"
07:06:48 INFO  : 'targets -set -filter {jtag_cable_name =~ "Digilent Nexys Video 210276690173B" && level==0} -index 0' command is executed.
07:06:48 INFO  : 'fpga -state' command is executed.
07:06:48 INFO  : Connected to target on host '127.0.0.1' and port '3121'.
07:06:49 INFO  : Jtag cable 'Digilent Nexys Video 210276690173B' is selected.
07:06:49 INFO  : 'jtag frequency' command is executed.
07:06:49 INFO  : 'configparams mdm-detect-bscan-mask 2' command is executed.
07:06:49 INFO  : Context for processor 'microblaze_0' is selected.
07:06:49 INFO  : Processor reset is completed for 'microblaze_0'.
07:06:49 INFO  : Context for processor 'microblaze_0' is selected.
07:06:52 INFO  : The application 'C:/Users/lny/Desktop/FourthYear/ece532/airDrum/WORKING_V4/WORKING_V4.sdk/drum_v5/Debug/drum_v5.elf' is downloaded to processor 'microblaze_0'.
07:06:52 INFO  : ----------------XSDB Script----------------
connect -url tcp:127.0.0.1:3121
configparams mdm-detect-bscan-mask 2
targets -set -nocase -filter {name =~ "microblaze*#0" && bscan=="USER2"  && jtag_cable_name =~ "Digilent Nexys Video 210276690173B"} -index 0
rst -processor
targets -set -nocase -filter {name =~ "microblaze*#0" && bscan=="USER2"  && jtag_cable_name =~ "Digilent Nexys Video 210276690173B"} -index 0
dow C:/Users/lny/Desktop/FourthYear/ece532/airDrum/WORKING_V4/WORKING_V4.sdk/drum_v5/Debug/drum_v5.elf
----------------End of Script----------------

07:06:52 INFO  : Context for processor 'microblaze_0' is selected.
07:06:52 INFO  : 'con' command is executed.
07:06:52 INFO  : ----------------XSDB Script (After Launch)----------------
targets -set -nocase -filter {name =~ "microblaze*#0" && bscan=="USER2"  && jtag_cable_name =~ "Digilent Nexys Video 210276690173B"} -index 0
con
----------------End of Script----------------

07:06:52 INFO  : Disconnected from the channel tcfchan#1.
07:07:18 INFO  : 'targets -set -filter {jtag_cable_name =~ "Digilent Nexys Video 210276690173B" && level==0} -index 0' command is executed.
07:07:18 INFO  : 'fpga -state' command is executed.
07:07:18 INFO  : Connected to target on host '127.0.0.1' and port '3121'.
07:07:18 INFO  : Jtag cable 'Digilent Nexys Video 210276690173B' is selected.
07:07:18 INFO  : 'jtag frequency' command is executed.
07:07:18 INFO  : 'configparams mdm-detect-bscan-mask 2' command is executed.
07:07:18 INFO  : Context for processor 'microblaze_0' is selected.
07:07:18 INFO  : Processor reset is completed for 'microblaze_0'.
07:07:18 INFO  : Context for processor 'microblaze_0' is selected.
07:07:22 INFO  : The application 'C:/Users/lny/Desktop/FourthYear/ece532/airDrum/WORKING_V4/WORKING_V4.sdk/drum_v5/Debug/drum_v5.elf' is downloaded to processor 'microblaze_0'.
07:07:22 INFO  : ----------------XSDB Script----------------
connect -url tcp:127.0.0.1:3121
configparams mdm-detect-bscan-mask 2
targets -set -nocase -filter {name =~ "microblaze*#0" && bscan=="USER2"  && jtag_cable_name =~ "Digilent Nexys Video 210276690173B"} -index 0
rst -processor
targets -set -nocase -filter {name =~ "microblaze*#0" && bscan=="USER2"  && jtag_cable_name =~ "Digilent Nexys Video 210276690173B"} -index 0
dow C:/Users/lny/Desktop/FourthYear/ece532/airDrum/WORKING_V4/WORKING_V4.sdk/drum_v5/Debug/drum_v5.elf
----------------End of Script----------------

07:07:22 INFO  : Context for processor 'microblaze_0' is selected.
07:07:22 INFO  : 'con' command is executed.
07:07:22 INFO  : ----------------XSDB Script (After Launch)----------------
targets -set -nocase -filter {name =~ "microblaze*#0" && bscan=="USER2"  && jtag_cable_name =~ "Digilent Nexys Video 210276690173B"} -index 0
con
----------------End of Script----------------

07:07:22 INFO  : Disconnected from the channel tcfchan#2.
07:11:38 INFO  : 'targets -set -filter {jtag_cable_name =~ "Digilent Nexys Video 210276690173B" && level==0} -index 0' command is executed.
07:11:38 INFO  : 'fpga -state' command is executed.
07:11:38 INFO  : Connected to target on host '127.0.0.1' and port '3121'.
07:11:38 INFO  : Jtag cable 'Digilent Nexys Video 210276690173B' is selected.
07:11:38 INFO  : 'jtag frequency' command is executed.
07:11:38 INFO  : 'configparams mdm-detect-bscan-mask 2' command is executed.
07:11:38 INFO  : Context for processor 'microblaze_0' is selected.
07:11:38 INFO  : Processor reset is completed for 'microblaze_0'.
07:11:38 INFO  : Context for processor 'microblaze_0' is selected.
07:11:42 INFO  : The application 'C:/Users/lny/Desktop/FourthYear/ece532/airDrum/WORKING_V4/WORKING_V4.sdk/drum_v5/Debug/drum_v5.elf' is downloaded to processor 'microblaze_0'.
07:11:42 INFO  : ----------------XSDB Script----------------
connect -url tcp:127.0.0.1:3121
configparams mdm-detect-bscan-mask 2
targets -set -nocase -filter {name =~ "microblaze*#0" && bscan=="USER2"  && jtag_cable_name =~ "Digilent Nexys Video 210276690173B"} -index 0
rst -processor
targets -set -nocase -filter {name =~ "microblaze*#0" && bscan=="USER2"  && jtag_cable_name =~ "Digilent Nexys Video 210276690173B"} -index 0
dow C:/Users/lny/Desktop/FourthYear/ece532/airDrum/WORKING_V4/WORKING_V4.sdk/drum_v5/Debug/drum_v5.elf
----------------End of Script----------------

07:11:42 INFO  : Context for processor 'microblaze_0' is selected.
07:11:42 INFO  : 'con' command is executed.
07:11:42 INFO  : ----------------XSDB Script (After Launch)----------------
targets -set -nocase -filter {name =~ "microblaze*#0" && bscan=="USER2"  && jtag_cable_name =~ "Digilent Nexys Video 210276690173B"} -index 0
con
----------------End of Script----------------

07:11:42 INFO  : Disconnected from the channel tcfchan#3.
07:13:06 INFO  : 'targets -set -filter {jtag_cable_name =~ "Digilent Nexys Video 210276690173B" && level==0} -index 0' command is executed.
07:13:06 INFO  : 'fpga -state' command is executed.
07:13:06 INFO  : Connected to target on host '127.0.0.1' and port '3121'.
07:13:06 INFO  : Jtag cable 'Digilent Nexys Video 210276690173B' is selected.
07:13:06 INFO  : 'jtag frequency' command is executed.
07:13:06 INFO  : 'configparams mdm-detect-bscan-mask 2' command is executed.
07:13:06 INFO  : Context for processor 'microblaze_0' is selected.
07:13:06 INFO  : Processor reset is completed for 'microblaze_0'.
07:13:07 INFO  : Context for processor 'microblaze_0' is selected.
07:13:10 INFO  : The application 'C:/Users/lny/Desktop/FourthYear/ece532/airDrum/WORKING_V4/WORKING_V4.sdk/drum_v5/Debug/drum_v5.elf' is downloaded to processor 'microblaze_0'.
07:13:10 INFO  : ----------------XSDB Script----------------
connect -url tcp:127.0.0.1:3121
configparams mdm-detect-bscan-mask 2
targets -set -nocase -filter {name =~ "microblaze*#0" && bscan=="USER2"  && jtag_cable_name =~ "Digilent Nexys Video 210276690173B"} -index 0
rst -processor
targets -set -nocase -filter {name =~ "microblaze*#0" && bscan=="USER2"  && jtag_cable_name =~ "Digilent Nexys Video 210276690173B"} -index 0
dow C:/Users/lny/Desktop/FourthYear/ece532/airDrum/WORKING_V4/WORKING_V4.sdk/drum_v5/Debug/drum_v5.elf
----------------End of Script----------------

07:13:10 INFO  : Context for processor 'microblaze_0' is selected.
07:13:10 INFO  : 'con' command is executed.
07:13:10 INFO  : ----------------XSDB Script (After Launch)----------------
targets -set -nocase -filter {name =~ "microblaze*#0" && bscan=="USER2"  && jtag_cable_name =~ "Digilent Nexys Video 210276690173B"} -index 0
con
----------------End of Script----------------

07:13:10 INFO  : Disconnected from the channel tcfchan#4.
07:14:41 INFO  : 'targets -set -filter {jtag_cable_name =~ "Digilent Nexys Video 210276690173B" && level==0} -index 0' command is executed.
07:14:41 INFO  : 'fpga -state' command is executed.
07:14:41 INFO  : Connected to target on host '127.0.0.1' and port '3121'.
07:14:41 INFO  : Jtag cable 'Digilent Nexys Video 210276690173B' is selected.
07:14:41 INFO  : 'jtag frequency' command is executed.
07:14:41 INFO  : 'configparams mdm-detect-bscan-mask 2' command is executed.
07:14:41 INFO  : Context for processor 'microblaze_0' is selected.
07:14:41 INFO  : Processor reset is completed for 'microblaze_0'.
07:14:41 INFO  : Context for processor 'microblaze_0' is selected.
07:14:45 INFO  : The application 'C:/Users/lny/Desktop/FourthYear/ece532/airDrum/WORKING_V4/WORKING_V4.sdk/drum_v5/Debug/drum_v5.elf' is downloaded to processor 'microblaze_0'.
07:14:45 INFO  : ----------------XSDB Script----------------
connect -url tcp:127.0.0.1:3121
configparams mdm-detect-bscan-mask 2
targets -set -nocase -filter {name =~ "microblaze*#0" && bscan=="USER2"  && jtag_cable_name =~ "Digilent Nexys Video 210276690173B"} -index 0
rst -processor
targets -set -nocase -filter {name =~ "microblaze*#0" && bscan=="USER2"  && jtag_cable_name =~ "Digilent Nexys Video 210276690173B"} -index 0
dow C:/Users/lny/Desktop/FourthYear/ece532/airDrum/WORKING_V4/WORKING_V4.sdk/drum_v5/Debug/drum_v5.elf
----------------End of Script----------------

07:19:14 INFO  : Disconnected from the channel tcfchan#5.
07:19:42 INFO  : 'targets -set -filter {jtag_cable_name =~ "Digilent Nexys Video 210276690173B" && level==0} -index 0' command is executed.
07:19:42 INFO  : 'fpga -state' command is executed.
07:19:42 INFO  : Connected to target on host '127.0.0.1' and port '3121'.
07:19:42 INFO  : Jtag cable 'Digilent Nexys Video 210276690173B' is selected.
07:19:42 INFO  : 'jtag frequency' command is executed.
07:19:42 INFO  : 'configparams mdm-detect-bscan-mask 2' command is executed.
07:19:42 INFO  : Context for processor 'microblaze_0' is selected.
07:19:42 INFO  : Processor reset is completed for 'microblaze_0'.
07:19:42 INFO  : Context for processor 'microblaze_0' is selected.
07:19:46 INFO  : The application 'C:/Users/lny/Desktop/FourthYear/ece532/airDrum/WORKING_V4/WORKING_V4.sdk/drum_v5/Debug/drum_v5.elf' is downloaded to processor 'microblaze_0'.
07:19:46 INFO  : ----------------XSDB Script----------------
connect -url tcp:127.0.0.1:3121
configparams mdm-detect-bscan-mask 2
targets -set -nocase -filter {name =~ "microblaze*#0" && bscan=="USER2"  && jtag_cable_name =~ "Digilent Nexys Video 210276690173B"} -index 0
rst -processor
targets -set -nocase -filter {name =~ "microblaze*#0" && bscan=="USER2"  && jtag_cable_name =~ "Digilent Nexys Video 210276690173B"} -index 0
dow C:/Users/lny/Desktop/FourthYear/ece532/airDrum/WORKING_V4/WORKING_V4.sdk/drum_v5/Debug/drum_v5.elf
----------------End of Script----------------

07:19:46 INFO  : Context for processor 'microblaze_0' is selected.
07:19:46 INFO  : 'con' command is executed.
07:19:46 INFO  : ----------------XSDB Script (After Launch)----------------
targets -set -nocase -filter {name =~ "microblaze*#0" && bscan=="USER2"  && jtag_cable_name =~ "Digilent Nexys Video 210276690173B"} -index 0
con
----------------End of Script----------------

07:19:46 INFO  : Disconnected from the channel tcfchan#6.
07:27:16 INFO  : Registering command handlers for SDK TCF services
07:27:16 INFO  : Launching XSCT server: xsct.bat -interactive C:\Users\lny\Desktop\FourthYear\ece532\airDrum\WORKING_V4\WORKING_V4.sdk\temp_xsdb_launch_script.tcl
07:27:17 INFO  : XSCT server has started successfully.
07:27:18 INFO  : Successfully done setting XSCT server connection channel  
07:27:18 INFO  : Successfully done setting SDK workspace  
07:27:18 INFO  : Processing command line option -hwspec C:/Users/lny/Desktop/FourthYear/ece532/airDrum/WORKING_V4/WORKING_V4.sdk/design_1_wrapper.hdf.
07:27:18 INFO  : Checking for hwspec changes in the project design_1_wrapper_hw_platform_0.
10:15:36 INFO  : Registering command handlers for SDK TCF services
10:15:36 INFO  : Launching XSCT server: xsct.bat -interactive C:\Users\lny\Desktop\FourthYear\ece532\airDrum\WORK_V6\WORK_V6.sdk\temp_xsdb_launch_script.tcl
10:15:38 INFO  : XSCT server has started successfully.
10:15:38 INFO  : Successfully done setting XSCT server connection channel  
10:15:38 INFO  : Successfully done setting SDK workspace  
10:15:38 INFO  : Processing command line option -hwspec C:/Users/lny/Desktop/FourthYear/ece532/airDrum/WORK_V6/WORK_V6.sdk/design_1_wrapper.hdf.
10:17:56 INFO  : Connected to target on host '127.0.0.1' and port '3121'.
10:17:56 INFO  : 'targets -set -filter {jtag_cable_name =~ "Digilent Nexys Video 210276690173B" && level==0} -index 0' command is executed.
10:18:02 INFO  : FPGA configured successfully with bitstream "C:/Users/lny/Desktop/FourthYear/ece532/airDrum/WORK_V6/WORK_V6.sdk/design_1_wrapper_hw_platform_1/download.bit"
10:18:40 INFO  : 'targets -set -filter {jtag_cable_name =~ "Digilent Nexys Video 210276690173B" && level==0} -index 0' command is executed.
10:18:40 INFO  : 'fpga -state' command is executed.
10:18:40 INFO  : Connected to target on host '127.0.0.1' and port '3121'.
10:18:40 INFO  : Jtag cable 'Digilent Nexys Video 210276690173B' is selected.
10:18:40 INFO  : 'jtag frequency' command is executed.
10:18:40 INFO  : 'configparams mdm-detect-bscan-mask 2' command is executed.
10:18:40 INFO  : Context for processor 'microblaze_0' is selected.
10:18:40 INFO  : Processor reset is completed for 'microblaze_0'.
10:18:40 INFO  : Context for processor 'microblaze_0' is selected.
10:18:43 INFO  : The application 'C:/Users/lny/Desktop/FourthYear/ece532/airDrum/WORK_V6/WORK_V6.sdk/drum_v6/Debug/drum_v6.elf' is downloaded to processor 'microblaze_0'.
10:18:43 INFO  : ----------------XSDB Script----------------
connect -url tcp:127.0.0.1:3121
configparams mdm-detect-bscan-mask 2
targets -set -nocase -filter {name =~ "microblaze*#0" && bscan=="USER2"  && jtag_cable_name =~ "Digilent Nexys Video 210276690173B"} -index 0
rst -processor
targets -set -nocase -filter {name =~ "microblaze*#0" && bscan=="USER2"  && jtag_cable_name =~ "Digilent Nexys Video 210276690173B"} -index 0
dow C:/Users/lny/Desktop/FourthYear/ece532/airDrum/WORK_V6/WORK_V6.sdk/drum_v6/Debug/drum_v6.elf
----------------End of Script----------------

10:18:43 INFO  : Context for processor 'microblaze_0' is selected.
10:18:43 INFO  : 'con' command is executed.
10:18:43 INFO  : ----------------XSDB Script (After Launch)----------------
targets -set -nocase -filter {name =~ "microblaze*#0" && bscan=="USER2"  && jtag_cable_name =~ "Digilent Nexys Video 210276690173B"} -index 0
con
----------------End of Script----------------

10:18:43 INFO  : Disconnected from the channel tcfchan#1.
10:20:04 INFO  : 'targets -set -filter {jtag_cable_name =~ "Digilent Nexys Video 210276690173B" && level==0} -index 0' command is executed.
10:20:04 INFO  : 'fpga -state' command is executed.
10:20:04 INFO  : Connected to target on host '127.0.0.1' and port '3121'.
10:20:05 INFO  : Jtag cable 'Digilent Nexys Video 210276690173B' is selected.
10:20:05 INFO  : 'jtag frequency' command is executed.
10:20:05 INFO  : 'configparams mdm-detect-bscan-mask 2' command is executed.
10:20:05 INFO  : Context for processor 'microblaze_0' is selected.
10:20:05 INFO  : Processor reset is completed for 'microblaze_0'.
10:20:05 INFO  : Context for processor 'microblaze_0' is selected.
10:20:09 INFO  : The application 'C:/Users/lny/Desktop/FourthYear/ece532/airDrum/WORK_V6/WORK_V6.sdk/drum_v6/Debug/drum_v6.elf' is downloaded to processor 'microblaze_0'.
10:20:09 INFO  : ----------------XSDB Script----------------
connect -url tcp:127.0.0.1:3121
configparams mdm-detect-bscan-mask 2
targets -set -nocase -filter {name =~ "microblaze*#0" && bscan=="USER2"  && jtag_cable_name =~ "Digilent Nexys Video 210276690173B"} -index 0
rst -processor
targets -set -nocase -filter {name =~ "microblaze*#0" && bscan=="USER2"  && jtag_cable_name =~ "Digilent Nexys Video 210276690173B"} -index 0
dow C:/Users/lny/Desktop/FourthYear/ece532/airDrum/WORK_V6/WORK_V6.sdk/drum_v6/Debug/drum_v6.elf
----------------End of Script----------------

10:20:09 INFO  : Context for processor 'microblaze_0' is selected.
10:20:09 INFO  : 'con' command is executed.
10:20:09 INFO  : ----------------XSDB Script (After Launch)----------------
targets -set -nocase -filter {name =~ "microblaze*#0" && bscan=="USER2"  && jtag_cable_name =~ "Digilent Nexys Video 210276690173B"} -index 0
con
----------------End of Script----------------

10:20:09 INFO  : Disconnected from the channel tcfchan#2.
10:21:36 INFO  : 'targets -set -filter {jtag_cable_name =~ "Digilent Nexys Video 210276690173B" && level==0} -index 0' command is executed.
10:21:36 INFO  : 'fpga -state' command is executed.
10:21:36 INFO  : Connected to target on host '127.0.0.1' and port '3121'.
10:21:36 INFO  : Jtag cable 'Digilent Nexys Video 210276690173B' is selected.
10:21:36 INFO  : 'jtag frequency' command is executed.
10:21:36 INFO  : 'configparams mdm-detect-bscan-mask 2' command is executed.
10:21:36 INFO  : ----------------XSDB Script----------------
connect -url tcp:127.0.0.1:3121
configparams mdm-detect-bscan-mask 2
----------------End of Script----------------

10:21:36 INFO  : Disconnected from the channel tcfchan#3.
10:21:55 INFO  : 'targets -set -filter {jtag_cable_name =~ "Digilent Nexys Video 210276690173B" && level==0} -index 0' command is executed.
10:21:55 INFO  : 'fpga -state' command is executed.
10:21:55 INFO  : Connected to target on host '127.0.0.1' and port '3121'.
10:21:55 INFO  : Jtag cable 'Digilent Nexys Video 210276690173B' is selected.
10:21:55 INFO  : 'jtag frequency' command is executed.
10:21:55 INFO  : 'configparams mdm-detect-bscan-mask 2' command is executed.
10:21:55 INFO  : Context for processor 'microblaze_0' is selected.
10:21:55 INFO  : Processor reset is completed for 'microblaze_0'.
10:21:55 INFO  : Context for processor 'microblaze_0' is selected.
10:21:59 INFO  : The application 'C:/Users/lny/Desktop/FourthYear/ece532/airDrum/WORK_V6/WORK_V6.sdk/drum_v6/Debug/drum_v6.elf' is downloaded to processor 'microblaze_0'.
10:21:59 INFO  : ----------------XSDB Script----------------
connect -url tcp:127.0.0.1:3121
configparams mdm-detect-bscan-mask 2
targets -set -nocase -filter {name =~ "microblaze*#0" && bscan=="USER2"  && jtag_cable_name =~ "Digilent Nexys Video 210276690173B"} -index 0
rst -processor
targets -set -nocase -filter {name =~ "microblaze*#0" && bscan=="USER2"  && jtag_cable_name =~ "Digilent Nexys Video 210276690173B"} -index 0
dow C:/Users/lny/Desktop/FourthYear/ece532/airDrum/WORK_V6/WORK_V6.sdk/drum_v6/Debug/drum_v6.elf
----------------End of Script----------------

10:21:59 INFO  : Context for processor 'microblaze_0' is selected.
10:21:59 INFO  : 'con' command is executed.
10:21:59 INFO  : ----------------XSDB Script (After Launch)----------------
targets -set -nocase -filter {name =~ "microblaze*#0" && bscan=="USER2"  && jtag_cable_name =~ "Digilent Nexys Video 210276690173B"} -index 0
con
----------------End of Script----------------

10:21:59 INFO  : Disconnected from the channel tcfchan#4.
10:23:36 INFO  : 'targets -set -filter {jtag_cable_name =~ "Digilent Nexys Video 210276690173B" && level==0} -index 0' command is executed.
10:23:36 INFO  : 'fpga -state' command is executed.
10:23:36 INFO  : Connected to target on host '127.0.0.1' and port '3121'.
10:23:36 INFO  : Jtag cable 'Digilent Nexys Video 210276690173B' is selected.
10:23:36 INFO  : 'jtag frequency' command is executed.
10:23:36 INFO  : 'configparams mdm-detect-bscan-mask 2' command is executed.
10:23:36 INFO  : Context for processor 'microblaze_0' is selected.
10:23:36 INFO  : Processor reset is completed for 'microblaze_0'.
10:23:36 INFO  : Context for processor 'microblaze_0' is selected.
10:23:40 INFO  : The application 'C:/Users/lny/Desktop/FourthYear/ece532/airDrum/WORK_V6/WORK_V6.sdk/drum_v6/Debug/drum_v6.elf' is downloaded to processor 'microblaze_0'.
10:23:40 INFO  : ----------------XSDB Script----------------
connect -url tcp:127.0.0.1:3121
configparams mdm-detect-bscan-mask 2
targets -set -nocase -filter {name =~ "microblaze*#0" && bscan=="USER2"  && jtag_cable_name =~ "Digilent Nexys Video 210276690173B"} -index 0
rst -processor
targets -set -nocase -filter {name =~ "microblaze*#0" && bscan=="USER2"  && jtag_cable_name =~ "Digilent Nexys Video 210276690173B"} -index 0
dow C:/Users/lny/Desktop/FourthYear/ece532/airDrum/WORK_V6/WORK_V6.sdk/drum_v6/Debug/drum_v6.elf
----------------End of Script----------------

10:23:40 INFO  : Context for processor 'microblaze_0' is selected.
10:23:40 INFO  : 'con' command is executed.
10:23:40 INFO  : ----------------XSDB Script (After Launch)----------------
targets -set -nocase -filter {name =~ "microblaze*#0" && bscan=="USER2"  && jtag_cable_name =~ "Digilent Nexys Video 210276690173B"} -index 0
con
----------------End of Script----------------

10:23:40 INFO  : Disconnected from the channel tcfchan#5.
10:24:30 INFO  : Connected to target on host '127.0.0.1' and port '3121'.
10:24:30 INFO  : 'targets -set -filter {jtag_cable_name =~ "Digilent Nexys Video 210276690173B" && level==0} -index 0' command is executed.
10:24:36 INFO  : FPGA configured successfully with bitstream "C:/Users/lny/Desktop/FourthYear/ece532/airDrum/WORK_V6/WORK_V6.sdk/design_1_wrapper_hw_platform_1/download.bit"
10:24:54 INFO  : 'targets -set -filter {jtag_cable_name =~ "Digilent Nexys Video 210276690173B" && level==0} -index 0' command is executed.
10:24:54 INFO  : 'fpga -state' command is executed.
10:24:54 INFO  : Connected to target on host '127.0.0.1' and port '3121'.
10:24:54 INFO  : Jtag cable 'Digilent Nexys Video 210276690173B' is selected.
10:24:54 INFO  : 'jtag frequency' command is executed.
10:24:54 INFO  : 'configparams mdm-detect-bscan-mask 2' command is executed.
10:24:54 INFO  : Context for processor 'microblaze_0' is selected.
10:24:54 INFO  : Processor reset is completed for 'microblaze_0'.
10:24:54 INFO  : Context for processor 'microblaze_0' is selected.
10:24:58 INFO  : The application 'C:/Users/lny/Desktop/FourthYear/ece532/airDrum/WORK_V6/WORK_V6.sdk/drum_v6/Debug/drum_v6.elf' is downloaded to processor 'microblaze_0'.
10:24:58 INFO  : ----------------XSDB Script----------------
connect -url tcp:127.0.0.1:3121
configparams mdm-detect-bscan-mask 2
targets -set -nocase -filter {name =~ "microblaze*#0" && bscan=="USER2"  && jtag_cable_name =~ "Digilent Nexys Video 210276690173B"} -index 0
rst -processor
targets -set -nocase -filter {name =~ "microblaze*#0" && bscan=="USER2"  && jtag_cable_name =~ "Digilent Nexys Video 210276690173B"} -index 0
dow C:/Users/lny/Desktop/FourthYear/ece532/airDrum/WORK_V6/WORK_V6.sdk/drum_v6/Debug/drum_v6.elf
----------------End of Script----------------

10:24:58 INFO  : Context for processor 'microblaze_0' is selected.
10:24:58 INFO  : 'con' command is executed.
10:24:58 INFO  : ----------------XSDB Script (After Launch)----------------
targets -set -nocase -filter {name =~ "microblaze*#0" && bscan=="USER2"  && jtag_cable_name =~ "Digilent Nexys Video 210276690173B"} -index 0
con
----------------End of Script----------------

10:24:58 INFO  : Disconnected from the channel tcfchan#6.
10:26:21 INFO  : Connected to target on host '127.0.0.1' and port '3121'.
10:26:21 INFO  : 'targets -set -filter {jtag_cable_name =~ "Digilent Nexys Video 210276690173B" && level==0} -index 0' command is executed.
10:26:27 INFO  : FPGA configured successfully with bitstream "C:/Users/lny/Desktop/FourthYear/ece532/airDrum/WORK_V6/WORK_V6.sdk/design_1_wrapper_hw_platform_1/download.bit"
10:26:37 INFO  : 'targets -set -filter {jtag_cable_name =~ "Digilent Nexys Video 210276690173B" && level==0} -index 0' command is executed.
10:26:37 INFO  : 'fpga -state' command is executed.
10:26:37 INFO  : Connected to target on host '127.0.0.1' and port '3121'.
10:26:37 INFO  : Jtag cable 'Digilent Nexys Video 210276690173B' is selected.
10:26:37 INFO  : 'jtag frequency' command is executed.
10:26:37 INFO  : 'configparams mdm-detect-bscan-mask 2' command is executed.
10:26:37 INFO  : Context for processor 'microblaze_0' is selected.
10:26:37 INFO  : Processor reset is completed for 'microblaze_0'.
10:26:37 INFO  : Context for processor 'microblaze_0' is selected.
10:26:41 INFO  : The application 'C:/Users/lny/Desktop/FourthYear/ece532/airDrum/WORK_V6/WORK_V6.sdk/drum_v6/Debug/drum_v6.elf' is downloaded to processor 'microblaze_0'.
10:26:41 INFO  : ----------------XSDB Script----------------
connect -url tcp:127.0.0.1:3121
configparams mdm-detect-bscan-mask 2
targets -set -nocase -filter {name =~ "microblaze*#0" && bscan=="USER2"  && jtag_cable_name =~ "Digilent Nexys Video 210276690173B"} -index 0
rst -processor
targets -set -nocase -filter {name =~ "microblaze*#0" && bscan=="USER2"  && jtag_cable_name =~ "Digilent Nexys Video 210276690173B"} -index 0
dow C:/Users/lny/Desktop/FourthYear/ece532/airDrum/WORK_V6/WORK_V6.sdk/drum_v6/Debug/drum_v6.elf
----------------End of Script----------------

10:26:41 INFO  : Context for processor 'microblaze_0' is selected.
10:26:41 INFO  : 'con' command is executed.
10:26:41 INFO  : ----------------XSDB Script (After Launch)----------------
targets -set -nocase -filter {name =~ "microblaze*#0" && bscan=="USER2"  && jtag_cable_name =~ "Digilent Nexys Video 210276690173B"} -index 0
con
----------------End of Script----------------

10:26:41 INFO  : Disconnected from the channel tcfchan#7.
10:28:48 INFO  : 'targets -set -filter {jtag_cable_name =~ "Digilent Nexys Video 210276690173B" && level==0} -index 0' command is executed.
10:28:48 INFO  : 'fpga -state' command is executed.
10:28:48 INFO  : Connected to target on host '127.0.0.1' and port '3121'.
10:28:48 INFO  : Jtag cable 'Digilent Nexys Video 210276690173B' is selected.
10:28:48 INFO  : 'jtag frequency' command is executed.
10:28:48 INFO  : 'configparams mdm-detect-bscan-mask 2' command is executed.
10:28:48 INFO  : Context for processor 'microblaze_0' is selected.
10:28:48 INFO  : Processor reset is completed for 'microblaze_0'.
10:28:48 INFO  : Context for processor 'microblaze_0' is selected.
10:28:51 INFO  : The application 'C:/Users/lny/Desktop/FourthYear/ece532/airDrum/WORK_V6/WORK_V6.sdk/drum_v6/Debug/drum_v6.elf' is downloaded to processor 'microblaze_0'.
10:28:51 INFO  : ----------------XSDB Script----------------
connect -url tcp:127.0.0.1:3121
configparams mdm-detect-bscan-mask 2
targets -set -nocase -filter {name =~ "microblaze*#0" && bscan=="USER2"  && jtag_cable_name =~ "Digilent Nexys Video 210276690173B"} -index 0
rst -processor
targets -set -nocase -filter {name =~ "microblaze*#0" && bscan=="USER2"  && jtag_cable_name =~ "Digilent Nexys Video 210276690173B"} -index 0
dow C:/Users/lny/Desktop/FourthYear/ece532/airDrum/WORK_V6/WORK_V6.sdk/drum_v6/Debug/drum_v6.elf
----------------End of Script----------------

10:28:51 INFO  : Context for processor 'microblaze_0' is selected.
10:28:51 INFO  : 'con' command is executed.
10:28:51 INFO  : ----------------XSDB Script (After Launch)----------------
targets -set -nocase -filter {name =~ "microblaze*#0" && bscan=="USER2"  && jtag_cable_name =~ "Digilent Nexys Video 210276690173B"} -index 0
con
----------------End of Script----------------

10:28:51 INFO  : Disconnected from the channel tcfchan#8.
10:31:08 INFO  : Connected to target on host '127.0.0.1' and port '3121'.
10:31:08 INFO  : 'targets -set -filter {jtag_cable_name =~ "Digilent Nexys Video 210276690173B" && level==0} -index 0' command is executed.
10:31:14 INFO  : FPGA configured successfully with bitstream "C:/Users/lny/Desktop/FourthYear/ece532/airDrum/WORK_V6/WORK_V6.sdk/design_1_wrapper_hw_platform_1/download.bit"
10:31:25 INFO  : 'targets -set -filter {jtag_cable_name =~ "Digilent Nexys Video 210276690173B" && level==0} -index 0' command is executed.
10:31:25 INFO  : 'fpga -state' command is executed.
10:31:25 INFO  : Connected to target on host '127.0.0.1' and port '3121'.
10:31:25 INFO  : Jtag cable 'Digilent Nexys Video 210276690173B' is selected.
10:31:25 INFO  : 'jtag frequency' command is executed.
10:31:25 INFO  : 'configparams mdm-detect-bscan-mask 2' command is executed.
10:31:25 INFO  : Context for processor 'microblaze_0' is selected.
10:31:25 INFO  : Processor reset is completed for 'microblaze_0'.
10:31:25 INFO  : Context for processor 'microblaze_0' is selected.
10:31:29 INFO  : The application 'C:/Users/lny/Desktop/FourthYear/ece532/airDrum/WORK_V6/WORK_V6.sdk/drum_v6/Debug/drum_v6.elf' is downloaded to processor 'microblaze_0'.
10:31:29 INFO  : ----------------XSDB Script----------------
connect -url tcp:127.0.0.1:3121
configparams mdm-detect-bscan-mask 2
targets -set -nocase -filter {name =~ "microblaze*#0" && bscan=="USER2"  && jtag_cable_name =~ "Digilent Nexys Video 210276690173B"} -index 0
rst -processor
targets -set -nocase -filter {name =~ "microblaze*#0" && bscan=="USER2"  && jtag_cable_name =~ "Digilent Nexys Video 210276690173B"} -index 0
dow C:/Users/lny/Desktop/FourthYear/ece532/airDrum/WORK_V6/WORK_V6.sdk/drum_v6/Debug/drum_v6.elf
----------------End of Script----------------

10:31:29 INFO  : Context for processor 'microblaze_0' is selected.
10:31:29 INFO  : 'con' command is executed.
10:31:29 INFO  : ----------------XSDB Script (After Launch)----------------
targets -set -nocase -filter {name =~ "microblaze*#0" && bscan=="USER2"  && jtag_cable_name =~ "Digilent Nexys Video 210276690173B"} -index 0
con
----------------End of Script----------------

10:31:29 INFO  : Disconnected from the channel tcfchan#9.
10:31:54 INFO  : 'targets -set -filter {jtag_cable_name =~ "Digilent Nexys Video 210276690173B" && level==0} -index 0' command is executed.
10:31:54 INFO  : 'fpga -state' command is executed.
10:31:54 INFO  : Connected to target on host '127.0.0.1' and port '3121'.
10:31:55 INFO  : Jtag cable 'Digilent Nexys Video 210276690173B' is selected.
10:31:55 INFO  : 'jtag frequency' command is executed.
10:31:55 INFO  : 'configparams mdm-detect-bscan-mask 2' command is executed.
10:31:55 INFO  : Context for processor 'microblaze_0' is selected.
10:31:55 INFO  : Processor reset is completed for 'microblaze_0'.
10:31:55 INFO  : Context for processor 'microblaze_0' is selected.
10:31:58 INFO  : The application 'C:/Users/lny/Desktop/FourthYear/ece532/airDrum/WORK_V6/WORK_V6.sdk/drum_v6/Debug/drum_v6.elf' is downloaded to processor 'microblaze_0'.
10:31:58 INFO  : ----------------XSDB Script----------------
connect -url tcp:127.0.0.1:3121
configparams mdm-detect-bscan-mask 2
targets -set -nocase -filter {name =~ "microblaze*#0" && bscan=="USER2"  && jtag_cable_name =~ "Digilent Nexys Video 210276690173B"} -index 0
rst -processor
targets -set -nocase -filter {name =~ "microblaze*#0" && bscan=="USER2"  && jtag_cable_name =~ "Digilent Nexys Video 210276690173B"} -index 0
dow C:/Users/lny/Desktop/FourthYear/ece532/airDrum/WORK_V6/WORK_V6.sdk/drum_v6/Debug/drum_v6.elf
----------------End of Script----------------

10:31:58 INFO  : Context for processor 'microblaze_0' is selected.
10:31:58 INFO  : 'con' command is executed.
10:31:58 INFO  : ----------------XSDB Script (After Launch)----------------
targets -set -nocase -filter {name =~ "microblaze*#0" && bscan=="USER2"  && jtag_cable_name =~ "Digilent Nexys Video 210276690173B"} -index 0
con
----------------End of Script----------------

10:31:58 INFO  : Disconnected from the channel tcfchan#10.
10:32:43 INFO  : 'targets -set -filter {jtag_cable_name =~ "Digilent Nexys Video 210276690173B" && level==0} -index 0' command is executed.
10:32:43 INFO  : 'fpga -state' command is executed.
10:32:43 INFO  : Connected to target on host '127.0.0.1' and port '3121'.
10:32:43 INFO  : Jtag cable 'Digilent Nexys Video 210276690173B' is selected.
10:32:43 INFO  : 'jtag frequency' command is executed.
10:32:43 INFO  : 'configparams mdm-detect-bscan-mask 2' command is executed.
10:32:43 INFO  : Context for processor 'microblaze_0' is selected.
10:32:43 INFO  : Processor reset is completed for 'microblaze_0'.
10:32:43 INFO  : Context for processor 'microblaze_0' is selected.
10:32:46 INFO  : The application 'C:/Users/lny/Desktop/FourthYear/ece532/airDrum/WORK_V6/WORK_V6.sdk/drum_v6/Debug/drum_v6.elf' is downloaded to processor 'microblaze_0'.
10:32:46 INFO  : ----------------XSDB Script----------------
connect -url tcp:127.0.0.1:3121
configparams mdm-detect-bscan-mask 2
targets -set -nocase -filter {name =~ "microblaze*#0" && bscan=="USER2"  && jtag_cable_name =~ "Digilent Nexys Video 210276690173B"} -index 0
rst -processor
targets -set -nocase -filter {name =~ "microblaze*#0" && bscan=="USER2"  && jtag_cable_name =~ "Digilent Nexys Video 210276690173B"} -index 0
dow C:/Users/lny/Desktop/FourthYear/ece532/airDrum/WORK_V6/WORK_V6.sdk/drum_v6/Debug/drum_v6.elf
----------------End of Script----------------

10:32:46 INFO  : Context for processor 'microblaze_0' is selected.
10:32:46 INFO  : 'con' command is executed.
10:32:46 INFO  : ----------------XSDB Script (After Launch)----------------
targets -set -nocase -filter {name =~ "microblaze*#0" && bscan=="USER2"  && jtag_cable_name =~ "Digilent Nexys Video 210276690173B"} -index 0
con
----------------End of Script----------------

10:32:46 INFO  : Disconnected from the channel tcfchan#11.
10:45:26 INFO  : Connected to target on host '127.0.0.1' and port '3121'.
10:45:26 INFO  : 'targets -set -filter {jtag_cable_name =~ "Digilent Nexys Video 210276690173B" && level==0} -index 0' command is executed.
10:45:32 INFO  : FPGA configured successfully with bitstream "C:/Users/lny/Desktop/FourthYear/ece532/airDrum/WORK_V6/WORK_V6.sdk/design_1_wrapper_hw_platform_1/download.bit"
10:45:41 INFO  : 'targets -set -filter {jtag_cable_name =~ "Digilent Nexys Video 210276690173B" && level==0} -index 0' command is executed.
10:45:41 INFO  : 'fpga -state' command is executed.
10:45:41 INFO  : Connected to target on host '127.0.0.1' and port '3121'.
10:45:41 INFO  : Jtag cable 'Digilent Nexys Video 210276690173B' is selected.
10:45:41 INFO  : 'jtag frequency' command is executed.
10:45:41 INFO  : 'configparams mdm-detect-bscan-mask 2' command is executed.
10:45:41 INFO  : Context for processor 'microblaze_0' is selected.
10:45:41 INFO  : Processor reset is completed for 'microblaze_0'.
10:45:41 INFO  : Context for processor 'microblaze_0' is selected.
10:45:44 INFO  : The application 'C:/Users/lny/Desktop/FourthYear/ece532/airDrum/WORK_V6/WORK_V6.sdk/drum_v6/Debug/drum_v6.elf' is downloaded to processor 'microblaze_0'.
10:45:44 INFO  : ----------------XSDB Script----------------
connect -url tcp:127.0.0.1:3121
configparams mdm-detect-bscan-mask 2
targets -set -nocase -filter {name =~ "microblaze*#0" && bscan=="USER2"  && jtag_cable_name =~ "Digilent Nexys Video 210276690173B"} -index 0
rst -processor
targets -set -nocase -filter {name =~ "microblaze*#0" && bscan=="USER2"  && jtag_cable_name =~ "Digilent Nexys Video 210276690173B"} -index 0
dow C:/Users/lny/Desktop/FourthYear/ece532/airDrum/WORK_V6/WORK_V6.sdk/drum_v6/Debug/drum_v6.elf
----------------End of Script----------------

10:45:44 INFO  : Context for processor 'microblaze_0' is selected.
10:45:44 INFO  : 'con' command is executed.
10:45:44 INFO  : ----------------XSDB Script (After Launch)----------------
targets -set -nocase -filter {name =~ "microblaze*#0" && bscan=="USER2"  && jtag_cable_name =~ "Digilent Nexys Video 210276690173B"} -index 0
con
----------------End of Script----------------

10:45:44 INFO  : Disconnected from the channel tcfchan#12.
10:46:12 INFO  : 'targets -set -filter {jtag_cable_name =~ "Digilent Nexys Video 210276690173B" && level==0} -index 0' command is executed.
10:46:12 INFO  : 'fpga -state' command is executed.
10:46:12 INFO  : Connected to target on host '127.0.0.1' and port '3121'.
10:46:12 INFO  : Jtag cable 'Digilent Nexys Video 210276690173B' is selected.
10:46:12 INFO  : 'jtag frequency' command is executed.
10:46:12 INFO  : 'configparams mdm-detect-bscan-mask 2' command is executed.
10:46:12 INFO  : Context for processor 'microblaze_0' is selected.
10:46:12 INFO  : Processor reset is completed for 'microblaze_0'.
10:46:13 INFO  : Context for processor 'microblaze_0' is selected.
10:46:16 INFO  : The application 'C:/Users/lny/Desktop/FourthYear/ece532/airDrum/WORK_V6/WORK_V6.sdk/drum_v6/Debug/drum_v6.elf' is downloaded to processor 'microblaze_0'.
10:46:16 INFO  : ----------------XSDB Script----------------
connect -url tcp:127.0.0.1:3121
configparams mdm-detect-bscan-mask 2
targets -set -nocase -filter {name =~ "microblaze*#0" && bscan=="USER2"  && jtag_cable_name =~ "Digilent Nexys Video 210276690173B"} -index 0
rst -processor
targets -set -nocase -filter {name =~ "microblaze*#0" && bscan=="USER2"  && jtag_cable_name =~ "Digilent Nexys Video 210276690173B"} -index 0
dow C:/Users/lny/Desktop/FourthYear/ece532/airDrum/WORK_V6/WORK_V6.sdk/drum_v6/Debug/drum_v6.elf
----------------End of Script----------------

10:46:16 INFO  : Context for processor 'microblaze_0' is selected.
10:46:16 INFO  : 'con' command is executed.
10:46:16 INFO  : ----------------XSDB Script (After Launch)----------------
targets -set -nocase -filter {name =~ "microblaze*#0" && bscan=="USER2"  && jtag_cable_name =~ "Digilent Nexys Video 210276690173B"} -index 0
con
----------------End of Script----------------

10:46:16 INFO  : Disconnected from the channel tcfchan#13.
10:54:06 INFO  : Connected to target on host '127.0.0.1' and port '3121'.
10:54:06 INFO  : 'targets -set -filter {jtag_cable_name =~ "Digilent Nexys Video 210276690173B" && level==0} -index 0' command is executed.
10:54:12 INFO  : FPGA configured successfully with bitstream "C:/Users/lny/Desktop/FourthYear/ece532/airDrum/WORK_V6/WORK_V6.sdk/design_1_wrapper_hw_platform_1/download.bit"
10:54:26 INFO  : 'targets -set -filter {jtag_cable_name =~ "Digilent Nexys Video 210276690173B" && level==0} -index 0' command is executed.
10:54:26 INFO  : 'fpga -state' command is executed.
10:54:26 INFO  : Connected to target on host '127.0.0.1' and port '3121'.
10:54:26 INFO  : Jtag cable 'Digilent Nexys Video 210276690173B' is selected.
10:54:26 INFO  : 'jtag frequency' command is executed.
10:54:26 INFO  : 'configparams mdm-detect-bscan-mask 2' command is executed.
10:54:26 INFO  : Context for processor 'microblaze_0' is selected.
10:54:26 INFO  : Processor reset is completed for 'microblaze_0'.
10:54:26 INFO  : Context for processor 'microblaze_0' is selected.
10:54:30 INFO  : The application 'C:/Users/lny/Desktop/FourthYear/ece532/airDrum/WORK_V6/WORK_V6.sdk/drum_v6/Debug/drum_v6.elf' is downloaded to processor 'microblaze_0'.
10:54:30 INFO  : ----------------XSDB Script----------------
connect -url tcp:127.0.0.1:3121
configparams mdm-detect-bscan-mask 2
targets -set -nocase -filter {name =~ "microblaze*#0" && bscan=="USER2"  && jtag_cable_name =~ "Digilent Nexys Video 210276690173B"} -index 0
rst -processor
targets -set -nocase -filter {name =~ "microblaze*#0" && bscan=="USER2"  && jtag_cable_name =~ "Digilent Nexys Video 210276690173B"} -index 0
dow C:/Users/lny/Desktop/FourthYear/ece532/airDrum/WORK_V6/WORK_V6.sdk/drum_v6/Debug/drum_v6.elf
----------------End of Script----------------

10:54:30 INFO  : Context for processor 'microblaze_0' is selected.
10:54:30 INFO  : 'con' command is executed.
10:54:30 INFO  : ----------------XSDB Script (After Launch)----------------
targets -set -nocase -filter {name =~ "microblaze*#0" && bscan=="USER2"  && jtag_cable_name =~ "Digilent Nexys Video 210276690173B"} -index 0
con
----------------End of Script----------------

10:54:30 INFO  : Disconnected from the channel tcfchan#14.
10:56:08 INFO  : 'targets -set -filter {jtag_cable_name =~ "Digilent Nexys Video 210276690173B" && level==0} -index 0' command is executed.
10:56:08 INFO  : 'fpga -state' command is executed.
10:56:08 INFO  : Connected to target on host '127.0.0.1' and port '3121'.
10:56:08 INFO  : Jtag cable 'Digilent Nexys Video 210276690173B' is selected.
10:56:08 INFO  : 'jtag frequency' command is executed.
10:56:08 INFO  : 'configparams mdm-detect-bscan-mask 2' command is executed.
10:56:08 INFO  : Context for processor 'microblaze_0' is selected.
10:56:08 INFO  : Processor reset is completed for 'microblaze_0'.
10:56:08 INFO  : Context for processor 'microblaze_0' is selected.
10:56:12 INFO  : The application 'C:/Users/lny/Desktop/FourthYear/ece532/airDrum/WORK_V6/WORK_V6.sdk/drum_v6/Debug/drum_v6.elf' is downloaded to processor 'microblaze_0'.
10:56:12 INFO  : ----------------XSDB Script----------------
connect -url tcp:127.0.0.1:3121
configparams mdm-detect-bscan-mask 2
targets -set -nocase -filter {name =~ "microblaze*#0" && bscan=="USER2"  && jtag_cable_name =~ "Digilent Nexys Video 210276690173B"} -index 0
rst -processor
targets -set -nocase -filter {name =~ "microblaze*#0" && bscan=="USER2"  && jtag_cable_name =~ "Digilent Nexys Video 210276690173B"} -index 0
dow C:/Users/lny/Desktop/FourthYear/ece532/airDrum/WORK_V6/WORK_V6.sdk/drum_v6/Debug/drum_v6.elf
----------------End of Script----------------

10:56:12 INFO  : Context for processor 'microblaze_0' is selected.
10:56:12 INFO  : 'con' command is executed.
10:56:12 INFO  : ----------------XSDB Script (After Launch)----------------
targets -set -nocase -filter {name =~ "microblaze*#0" && bscan=="USER2"  && jtag_cable_name =~ "Digilent Nexys Video 210276690173B"} -index 0
con
----------------End of Script----------------

10:56:12 INFO  : Disconnected from the channel tcfchan#15.
10:56:43 INFO  : 'targets -set -filter {jtag_cable_name =~ "Digilent Nexys Video 210276690173B" && level==0} -index 0' command is executed.
10:56:43 INFO  : 'fpga -state' command is executed.
10:56:43 INFO  : Connected to target on host '127.0.0.1' and port '3121'.
10:56:43 INFO  : Jtag cable 'Digilent Nexys Video 210276690173B' is selected.
10:56:43 INFO  : 'jtag frequency' command is executed.
10:56:43 INFO  : 'configparams mdm-detect-bscan-mask 2' command is executed.
10:56:43 INFO  : Context for processor 'microblaze_0' is selected.
10:56:44 INFO  : Processor reset is completed for 'microblaze_0'.
10:56:44 INFO  : Context for processor 'microblaze_0' is selected.
10:56:48 INFO  : The application 'C:/Users/lny/Desktop/FourthYear/ece532/airDrum/WORK_V6/WORK_V6.sdk/drum_v6/Debug/drum_v6.elf' is downloaded to processor 'microblaze_0'.
10:56:48 INFO  : ----------------XSDB Script----------------
connect -url tcp:127.0.0.1:3121
configparams mdm-detect-bscan-mask 2
targets -set -nocase -filter {name =~ "microblaze*#0" && bscan=="USER2"  && jtag_cable_name =~ "Digilent Nexys Video 210276690173B"} -index 0
rst -processor
targets -set -nocase -filter {name =~ "microblaze*#0" && bscan=="USER2"  && jtag_cable_name =~ "Digilent Nexys Video 210276690173B"} -index 0
dow C:/Users/lny/Desktop/FourthYear/ece532/airDrum/WORK_V6/WORK_V6.sdk/drum_v6/Debug/drum_v6.elf
----------------End of Script----------------

10:56:48 INFO  : Context for processor 'microblaze_0' is selected.
10:56:48 INFO  : 'con' command is executed.
10:56:48 INFO  : ----------------XSDB Script (After Launch)----------------
targets -set -nocase -filter {name =~ "microblaze*#0" && bscan=="USER2"  && jtag_cable_name =~ "Digilent Nexys Video 210276690173B"} -index 0
con
----------------End of Script----------------

10:56:48 INFO  : Disconnected from the channel tcfchan#16.
11:37:06 INFO  : 'targets -set -filter {jtag_cable_name =~ "Digilent Nexys Video 210276690173B" && level==0} -index 0' command is executed.
11:37:06 INFO  : 'fpga -state' command is executed.
11:37:06 INFO  : Connected to target on host '127.0.0.1' and port '3121'.
11:37:06 INFO  : Jtag cable 'Digilent Nexys Video 210276690173B' is selected.
11:37:06 INFO  : 'jtag frequency' command is executed.
11:37:06 INFO  : 'configparams mdm-detect-bscan-mask 2' command is executed.
11:37:06 INFO  : Context for processor 'microblaze_0' is selected.
11:37:06 INFO  : Processor reset is completed for 'microblaze_0'.
11:37:06 INFO  : Context for processor 'microblaze_0' is selected.
11:37:10 INFO  : The application 'C:/Users/lny/Desktop/FourthYear/ece532/airDrum/WORK_V6/WORK_V6.sdk/drum_v6/Debug/drum_v6.elf' is downloaded to processor 'microblaze_0'.
11:37:10 INFO  : ----------------XSDB Script----------------
connect -url tcp:127.0.0.1:3121
configparams mdm-detect-bscan-mask 2
targets -set -nocase -filter {name =~ "microblaze*#0" && bscan=="USER2"  && jtag_cable_name =~ "Digilent Nexys Video 210276690173B"} -index 0
rst -processor
targets -set -nocase -filter {name =~ "microblaze*#0" && bscan=="USER2"  && jtag_cable_name =~ "Digilent Nexys Video 210276690173B"} -index 0
dow C:/Users/lny/Desktop/FourthYear/ece532/airDrum/WORK_V6/WORK_V6.sdk/drum_v6/Debug/drum_v6.elf
----------------End of Script----------------

11:37:10 INFO  : Context for processor 'microblaze_0' is selected.
11:37:10 INFO  : 'con' command is executed.
11:37:10 INFO  : ----------------XSDB Script (After Launch)----------------
targets -set -nocase -filter {name =~ "microblaze*#0" && bscan=="USER2"  && jtag_cable_name =~ "Digilent Nexys Video 210276690173B"} -index 0
con
----------------End of Script----------------

11:37:10 INFO  : Disconnected from the channel tcfchan#17.
11:45:34 INFO  : 'targets -set -filter {jtag_cable_name =~ "Digilent Nexys Video 210276690173B" && level==0} -index 0' command is executed.
11:45:34 INFO  : 'fpga -state' command is executed.
11:45:34 INFO  : Connected to target on host '127.0.0.1' and port '3121'.
11:45:34 INFO  : Jtag cable 'Digilent Nexys Video 210276690173B' is selected.
11:45:34 INFO  : 'jtag frequency' command is executed.
11:45:34 INFO  : 'configparams mdm-detect-bscan-mask 2' command is executed.
11:45:34 INFO  : Context for processor 'microblaze_0' is selected.
11:45:34 INFO  : Processor reset is completed for 'microblaze_0'.
11:45:34 INFO  : Context for processor 'microblaze_0' is selected.
11:45:38 INFO  : The application 'C:/Users/lny/Desktop/FourthYear/ece532/airDrum/WORK_V6/WORK_V6.sdk/drum_v6/Debug/drum_v6.elf' is downloaded to processor 'microblaze_0'.
11:45:38 INFO  : ----------------XSDB Script----------------
connect -url tcp:127.0.0.1:3121
configparams mdm-detect-bscan-mask 2
targets -set -nocase -filter {name =~ "microblaze*#0" && bscan=="USER2"  && jtag_cable_name =~ "Digilent Nexys Video 210276690173B"} -index 0
rst -processor
targets -set -nocase -filter {name =~ "microblaze*#0" && bscan=="USER2"  && jtag_cable_name =~ "Digilent Nexys Video 210276690173B"} -index 0
dow C:/Users/lny/Desktop/FourthYear/ece532/airDrum/WORK_V6/WORK_V6.sdk/drum_v6/Debug/drum_v6.elf
----------------End of Script----------------

11:45:38 INFO  : Context for processor 'microblaze_0' is selected.
11:45:38 INFO  : 'con' command is executed.
11:45:38 INFO  : ----------------XSDB Script (After Launch)----------------
targets -set -nocase -filter {name =~ "microblaze*#0" && bscan=="USER2"  && jtag_cable_name =~ "Digilent Nexys Video 210276690173B"} -index 0
con
----------------End of Script----------------

11:45:38 INFO  : Disconnected from the channel tcfchan#18.
11:46:40 INFO  : 'targets -set -filter {jtag_cable_name =~ "Digilent Nexys Video 210276690173B" && level==0} -index 0' command is executed.
11:46:40 INFO  : 'fpga -state' command is executed.
11:46:40 INFO  : Connected to target on host '127.0.0.1' and port '3121'.
11:46:40 INFO  : Jtag cable 'Digilent Nexys Video 210276690173B' is selected.
11:46:40 INFO  : 'jtag frequency' command is executed.
11:46:40 INFO  : 'configparams mdm-detect-bscan-mask 2' command is executed.
11:46:40 INFO  : Context for processor 'microblaze_0' is selected.
11:46:40 INFO  : Processor reset is completed for 'microblaze_0'.
11:46:40 INFO  : Context for processor 'microblaze_0' is selected.
11:46:44 INFO  : The application 'C:/Users/lny/Desktop/FourthYear/ece532/airDrum/WORK_V6/WORK_V6.sdk/drum_v6/Debug/drum_v6.elf' is downloaded to processor 'microblaze_0'.
11:46:44 INFO  : ----------------XSDB Script----------------
connect -url tcp:127.0.0.1:3121
configparams mdm-detect-bscan-mask 2
targets -set -nocase -filter {name =~ "microblaze*#0" && bscan=="USER2"  && jtag_cable_name =~ "Digilent Nexys Video 210276690173B"} -index 0
rst -processor
targets -set -nocase -filter {name =~ "microblaze*#0" && bscan=="USER2"  && jtag_cable_name =~ "Digilent Nexys Video 210276690173B"} -index 0
dow C:/Users/lny/Desktop/FourthYear/ece532/airDrum/WORK_V6/WORK_V6.sdk/drum_v6/Debug/drum_v6.elf
----------------End of Script----------------

11:46:44 INFO  : Context for processor 'microblaze_0' is selected.
11:46:44 INFO  : 'con' command is executed.
11:46:44 INFO  : ----------------XSDB Script (After Launch)----------------
targets -set -nocase -filter {name =~ "microblaze*#0" && bscan=="USER2"  && jtag_cable_name =~ "Digilent Nexys Video 210276690173B"} -index 0
con
----------------End of Script----------------

11:46:44 INFO  : Disconnected from the channel tcfchan#19.
12:07:34 INFO  : 'targets -set -filter {jtag_cable_name =~ "Digilent Nexys Video 210276690173B" && level==0} -index 0' command is executed.
12:07:34 INFO  : 'fpga -state' command is executed.
12:07:34 INFO  : Connected to target on host '127.0.0.1' and port '3121'.
12:07:34 INFO  : Jtag cable 'Digilent Nexys Video 210276690173B' is selected.
12:07:34 INFO  : 'jtag frequency' command is executed.
12:07:34 INFO  : 'configparams mdm-detect-bscan-mask 2' command is executed.
12:07:34 INFO  : Context for processor 'microblaze_0' is selected.
12:07:34 INFO  : Processor reset is completed for 'microblaze_0'.
12:07:34 INFO  : Context for processor 'microblaze_0' is selected.
12:07:38 INFO  : The application 'C:/Users/lny/Desktop/FourthYear/ece532/airDrum/WORK_V6/WORK_V6.sdk/drum_v6/Debug/drum_v6.elf' is downloaded to processor 'microblaze_0'.
12:07:38 INFO  : ----------------XSDB Script----------------
connect -url tcp:127.0.0.1:3121
configparams mdm-detect-bscan-mask 2
targets -set -nocase -filter {name =~ "microblaze*#0" && bscan=="USER2"  && jtag_cable_name =~ "Digilent Nexys Video 210276690173B"} -index 0
rst -processor
targets -set -nocase -filter {name =~ "microblaze*#0" && bscan=="USER2"  && jtag_cable_name =~ "Digilent Nexys Video 210276690173B"} -index 0
dow C:/Users/lny/Desktop/FourthYear/ece532/airDrum/WORK_V6/WORK_V6.sdk/drum_v6/Debug/drum_v6.elf
----------------End of Script----------------

12:07:38 INFO  : Context for processor 'microblaze_0' is selected.
12:07:38 INFO  : 'con' command is executed.
12:07:38 INFO  : ----------------XSDB Script (After Launch)----------------
targets -set -nocase -filter {name =~ "microblaze*#0" && bscan=="USER2"  && jtag_cable_name =~ "Digilent Nexys Video 210276690173B"} -index 0
con
----------------End of Script----------------

12:07:38 INFO  : Disconnected from the channel tcfchan#20.
20:42:35 INFO  : Registering command handlers for SDK TCF services
20:42:36 INFO  : Launching XSCT server: xsct.bat -interactive C:\Users\lny\Desktop\FourthYear\ece532\airDrum\WORK_V6\WORK_V6.sdk\temp_xsdb_launch_script.tcl
20:42:38 INFO  : XSCT server has started successfully.
20:42:38 INFO  : Successfully done setting XSCT server connection channel  
20:42:38 INFO  : Processing command line option -hwspec C:/Users/lny/Desktop/FourthYear/ece532/airDrum/WORK_V6/WORK_V6.sdk/design_1_wrapper.hdf.
20:42:38 INFO  : Successfully done setting SDK workspace  
20:42:38 INFO  : Checking for hwspec changes in the project design_1_wrapper_hw_platform_1.
