#-----------------------------------------------------------
# Webtalk v2018.3 (64-bit)
# SW Build 2405991 on Thu Dec  6 23:38:27 MST 2018
# 
# Start of session at: Mon Mar 10 20:21:05 2025
# Process ID: 40904
# Current directory: C:/Users/Raymond/Downloads/Nexys-Video-HDMI-2018.2-xy/Nexys-Video-HDMI-2018.2-2/vivado_proj/Nexys-Video-HDMI.sdk/webtalk
# Command line: wbtcv.exe -mode batch -source sdk_webtalk.tcl
# Log file: C:/Users/Raymond/Downloads/Nexys-Video-HDMI-2018.2-xy/Nexys-Video-HDMI-2018.2-2/vivado_proj/Nexys-Video-HDMI.sdk/webtalk/webtalk.log
# Journal file: C:/Users/Raymond/Downloads/Nexys-Video-HDMI-2018.2-xy/Nexys-Video-HDMI-2018.2-2/vivado_proj/Nexys-Video-HDMI.sdk/webtalk\webtalk.jou
#-----------------------------------------------------------
source sdk_webtalk.tcl
# webtalk_init -webtalk_dir C:\\Users\\Raymond\\Downloads\\Nexys-Video-HDMI-2018.2-xy\\Nexys-Video-HDMI-2018.2-2\\vivado_proj\\Nexys-Video-HDMI.sdk\\webtalk
# webtalk_register_client -client project
# webtalk_add_data -client project -key date_generated -value "2025-03-10 20:21:04" -context "software_version_and_target_device"
# webtalk_add_data -client project -key product_version -value "SDK v2018.3" -context "software_version_and_target_device"
# webtalk_add_data -client project -key build_version -value "2018.3" -context "software_version_and_target_device"
# webtalk_add_data -client project -key os_platform -value "amd64" -context "software_version_and_target_device"
# webtalk_add_data -client project -key registration_id -value "" -context "software_version_and_target_device"
# webtalk_add_data -client project -key tool_flow -value "SDK" -context "software_version_and_target_device"
# webtalk_add_data -client project -key beta -value "false" -context "software_version_and_target_device"
# webtalk_add_data -client project -key route_design -value "NA" -context "software_version_and_target_device"
# webtalk_add_data -client project -key target_family -value "NA" -context "software_version_and_target_device"
# webtalk_add_data -client project -key target_device -value "NA" -context "software_version_and_target_device"
# webtalk_add_data -client project -key target_package -value "NA" -context "software_version_and_target_device"
# webtalk_add_data -client project -key target_speed -value "NA" -context "software_version_and_target_device"
# webtalk_add_data -client project -key random_id -value "s2lo195jrjpnfbf8lt4ap002jv" -context "software_version_and_target_device"
# webtalk_add_data -client project -key project_id -value "2018.3_6" -context "software_version_and_target_device"
# webtalk_add_data -client project -key project_iteration -value "6" -context "software_version_and_target_device"
# webtalk_add_data -client project -key os_name -value "Microsoft Windows 8 or later , 64-bit" -context "user_environment"
# webtalk_add_data -client project -key os_release -value "major release  (build 9200)" -context "user_environment"
# webtalk_add_data -client project -key cpu_name -value "11th Gen Intel(R) Core(TM) i7-1185G7 @ 3.00GHz" -context "user_environment"
# webtalk_add_data -client project -key cpu_speed -value "2995 MHz" -context "user_environment"
# webtalk_add_data -client project -key total_processors -value "1" -context "user_environment"
# webtalk_add_data -client project -key system_ram -value "16.868 GB" -context "user_environment"
# webtalk_register_client -client sdk
# webtalk_add_data -client sdk -key uid -value "1741648844729" -context "sdk\\\\hardware/1741648844729"
# webtalk_add_data -client sdk -key isZynq -value "false" -context "sdk\\\\hardware/1741648844729"
# webtalk_add_data -client sdk -key isZynqMP -value "false" -context "sdk\\\\hardware/1741648844729"
# webtalk_add_data -client sdk -key Processors -value "1" -context "sdk\\\\hardware/1741648844729"
# webtalk_add_data -client sdk -key VivadoVersion -value "2018.3.1" -context "sdk\\\\hardware/1741648844729"
# webtalk_add_data -client sdk -key Arch -value "artix7" -context "sdk\\\\hardware/1741648844729"
# webtalk_add_data -client sdk -key Device -value "7a200t" -context "sdk\\\\hardware/1741648844729"
# webtalk_add_data -client sdk -key IsHandoff -value "true" -context "sdk\\\\hardware/1741648844729"
# webtalk_add_data -client sdk -key os -value "NA" -context "sdk\\\\hardware/1741648844729"
# webtalk_add_data -client sdk -key apptemplate -value "NA" -context "sdk\\\\hardware/1741648844729"
# webtalk_add_data -client sdk -key RecordType -value "HWCreation" -context "sdk\\\\hardware/1741648844729"
# webtalk_add_data -client sdk -key uid -value "NA" -context "sdk\\\\bsp/1741652464360"
# webtalk_add_data -client sdk -key RecordType -value "ToolUsage" -context "sdk\\\\bsp/1741652464360"
# webtalk_add_data -client sdk -key BootgenCount -value "0" -context "sdk\\\\bsp/1741652464360"
# webtalk_add_data -client sdk -key DebugCount -value "3" -context "sdk\\\\bsp/1741652464360"
# webtalk_add_data -client sdk -key PerfCount -value "0" -context "sdk\\\\bsp/1741652464360"
# webtalk_add_data -client sdk -key FlashCount -value "0" -context "sdk\\\\bsp/1741652464360"
# webtalk_add_data -client sdk -key CrossTriggCount -value "0" -context "sdk\\\\bsp/1741652464360"
# webtalk_add_data -client sdk -key QemuDebugCount -value "0" -context "sdk\\\\bsp/1741652464360"
# webtalk_transmit -clientid 1911260105 -regid "" -xml C:\\Users\\Raymond\\Downloads\\Nexys-Video-HDMI-2018.2-xy\\Nexys-Video-HDMI-2018.2-2\\vivado_proj\\Nexys-Video-HDMI.sdk\\webtalk\\usage_statistics_ext_sdk.xml -html C:\\Users\\Raymond\\Downloads\\Nexys-Video-HDMI-2018.2-xy\\Nexys-Video-HDMI-2018.2-2\\vivado_proj\\Nexys-Video-HDMI.sdk\\webtalk\\usage_statistics_ext_sdk.html -wdm C:\\Users\\Raymond\\Downloads\\Nexys-Video-HDMI-2018.2-xy\\Nexys-Video-HDMI-2018.2-2\\vivado_proj\\Nexys-Video-HDMI.sdk\\webtalk\\sdk_webtalk.wdm -intro "<H3>SDK Usage Report</H3><BR>"
# webtalk_terminate
INFO: [Common 17-206] Exiting Webtalk at Mon Mar 10 20:21:06 2025...
